<?xml version="1.0" encoding="UTF-8"?>
<!-- Generated by org.testng.reporters.JUnitXMLReporter -->
<testsuite ignored="0" hostname="DESKTOP-IB7CFDB" failures="0" tests="12" name="APITests" time="22.813" errors="0" timestamp="2021-06-20T23:06:10 AEST">
  <testcase classname="com.apitest.TC01_API_Test" name="getRequest" time="3.72"/>
  <testcase classname="com.apitest.TC01_API_Test" name="postRequest" time="2.055"/>
  <testcase classname="com.apitest.TC01_API_Test" name="postRequest" time="1.695"/>
  <testcase classname="com.apitest.TC01_API_Test" name="postRequest" time="1.682"/>
  <testcase classname="com.apitest.TC01_API_Test" name="postRequest" time="1.684"/>
  <testcase classname="com.apitest.TC01_API_Test" name="postRequest" time="1.666"/>
  <testcase classname="com.apitest.TC01_API_Test" name="validateCreatedUserThruPost" time="1.493"/>
  <testcase classname="com.apitest.TC01_API_Test" name="putRequest" time="1.685"/>
  <testcase classname="com.apitest.TC01_API_Test" name="validateUpdatedUserThruPut" time="1.469"/>
  <testcase classname="com.apitest.TC01_API_Test" name="putRequestToCreateData" time="2.084"/>
  <testcase classname="com.apitest.TC01_API_Test" name="blankDeleteKeyRequest" time="1.258"/>
  <testcase classname="com.apitest.TC01_API_Test" name="incorrectDeleteKeyRequest" time="1.268"/>
</testsuite> <!-- APITests -->
