<?xml version="1.0" encoding="UTF-8"?>
<!-- Generated by org.testng.reporters.JUnitXMLReporter -->
<testsuite ignored="0" hostname="DESKTOP-IB7CFDB" failures="0" tests="12" name="APITest" time="23.123" errors="0" timestamp="2021-06-24T23:00:26 AEST">
  <testcase classname="com.apitest.TC01_API_Test" name="getRequestAPITest" time="4.041"/>
  <testcase classname="com.apitest.TC01_API_Test" name="postRequestAPITest" time="2.371"/>
  <testcase classname="com.apitest.TC01_API_Test" name="postRequestAPITest" time="1.861"/>
  <testcase classname="com.apitest.TC01_API_Test" name="postRequestAPITest" time="1.96"/>
  <testcase classname="com.apitest.TC01_API_Test" name="postRequestAPITest" time="1.804"/>
  <testcase classname="com.apitest.TC01_API_Test" name="postRequestAPITest" time="1.972"/>
  <testcase classname="com.apitest.TC01_API_Test" name="validateCreatedUserThruPostAPITest" time="1.626"/>
  <testcase classname="com.apitest.TC01_API_Test" name="putRequestAPITest" time="0.009"/>
  <testcase classname="com.apitest.TC01_API_Test" name="validateUpdatedUserThruPutAPITest" time="1.728"/>
  <testcase classname="com.apitest.TC01_API_Test" name="putRequestToCreateDataAPITest" time="2.309"/>
  <testcase classname="com.apitest.TC01_API_Test" name="blankDeleteKeyRequestAPITest" time="1.406"/>
  <testcase classname="com.apitest.TC01_API_Test" name="incorrectDeleteKeyRequestAPITest" time="1.5"/>
</testsuite> <!-- APITest -->
