<?xml version="1.0" encoding="UTF-8"?>
<!-- Generated by org.testng.reporters.JUnitXMLReporter -->
<testsuite ignored="0" hostname="DESKTOP-IB7CFDB" failures="0" tests="12" name="APITest" time="28.002" errors="0" timestamp="2021-06-22T22:21:46 AEST">
  <testcase classname="com.apitest.TC01_API_Test" name="getRequestAPITest" time="5.555"/>
  <testcase classname="com.apitest.TC01_API_Test" name="postRequestAPITest" time="2.716"/>
  <testcase classname="com.apitest.TC01_API_Test" name="postRequestAPITest" time="2.085"/>
  <testcase classname="com.apitest.TC01_API_Test" name="postRequestAPITest" time="2.95"/>
  <testcase classname="com.apitest.TC01_API_Test" name="postRequestAPITest" time="1.802"/>
  <testcase classname="com.apitest.TC01_API_Test" name="postRequestAPITest" time="1.726"/>
  <testcase classname="com.apitest.TC01_API_Test" name="validateCreatedUserThruPostAPITest" time="2.243"/>
  <testcase classname="com.apitest.TC01_API_Test" name="putRequestAPITest" time="0.023"/>
  <testcase classname="com.apitest.TC01_API_Test" name="validateUpdatedUserThruPutAPITest" time="1.969"/>
  <testcase classname="com.apitest.TC01_API_Test" name="putRequestToCreateDataAPITest" time="2.42"/>
  <testcase classname="com.apitest.TC01_API_Test" name="blankDeleteKeyRequestAPITest" time="1.754"/>
  <testcase classname="com.apitest.TC01_API_Test" name="incorrectDeleteKeyRequestAPITest" time="1.395"/>
</testsuite> <!-- APITest -->
