<?xml version="1.0" encoding="UTF-8"?>
<!-- Generated by org.testng.reporters.JUnitXMLReporter -->
<testsuite ignored="0" hostname="DESKTOP-IB7CFDB" failures="0" tests="4" name="ChromeTest" time="23.432" errors="0" timestamp="2021-06-21T22:14:17 AEST">
  <testcase classname="webtests.TC01_WelcomePage" name="verifyWelcomePageTitle" time="0.05"/>
  <testcase classname="webtests.TC01_WelcomePage" name="verifyWelcomePageHeader" time="0.046"/>
  <testcase classname="webtests.TC01_WelcomePage" name="verifySuccessfulCreationOfWarrior" time="0.199"/>
  <testcase classname="webtests.TC01_WelcomePage" name="verifySuccessfulCreationOfWarriorAsGuest" time="0.25"/>
</testsuite> <!-- ChromeTest -->
