<?xml version="1.0" encoding="UTF-8"?>
<!-- Generated by org.testng.reporters.JUnitXMLReporter -->
<testsuite ignored="0" hostname="DESKTOP-IB7CFDB" failures="0" tests="4" name="FirefoxTest" time="31.787" errors="0" timestamp="2021-06-21T22:14:25 AEST">
  <testcase classname="webtests.TC01_WelcomePage" name="verifyWelcomePageTitle" time="0.034"/>
  <testcase classname="webtests.TC01_WelcomePage" name="verifyWelcomePageHeader" time="0.048"/>
  <testcase classname="webtests.TC01_WelcomePage" name="verifySuccessfulCreationOfWarrior" time="0.328"/>
  <testcase classname="webtests.TC01_WelcomePage" name="verifySuccessfulCreationOfWarriorAsGuest" time="0.343"/>
</testsuite> <!-- FirefoxTest -->
