<?xml version="1.0" encoding="UTF-8"?>
<!-- Generated by org.testng.reporters.JUnitXMLReporter -->
<testsuite ignored="10" hostname="DESKTOP-IB7CFDB" failures="0" tests="7" name="WebChromeTest" time="397.328" errors="0" timestamp="2021-06-22T22:27:56 AEST">
  <testcase classname="webtests.TC02_HomePage" name="verifyHomePageHeader" time="64.987"/>
  <testcase classname="webtests.TC01_WelcomePage" name="verifyWelcomePageTitle" time="3.053"/>
  <testcase classname="webtests.TC02_HomePage" name="verifyAllBattleFieldsPresent" time="60.095"/>
  <testcase classname="webtests.TC02_HomePage" name="verifyBattleFieldTakeTheBusCanBeAccessed" time="60.048"/>
  <testcase classname="webtests.TC02_HomePage" name="verifyBattleFieldGoToPublicPlaceCanBeAccessed" time="60.519"/>
  <testcase classname="webtests.TC01_WelcomePage" name="verifyStartJourneyOfAHero" time="75.087"/>
  <testcase classname="webtests.TC02_HomePage" name="verifyBattleFieldGoToOfficeCanBeAccessed" time="60.5"/>
  <testcase classname="webtests.TC05_BattleGoToOffice" name="verifyGoToOfficeBattleField" time="0.0">
    <ignored/>
  </testcase> <!-- verifyGoToOfficeBattleField -->
  <testcase classname="webtests.TC01_WelcomePage" name="verifySuccessfulCreationOfWarrior" time="0.0">
    <ignored/>
  </testcase> <!-- verifySuccessfulCreationOfWarrior -->
  <testcase classname="webtests.TC04_BattleGoToPublicPlace" name="verifyTheGoToPublicPlaceBattle" time="0.0">
    <ignored/>
  </testcase> <!-- verifyTheGoToPublicPlaceBattle -->
  <testcase classname="webtests.TC03_BattleTakeABus" name="verifyTheTakeTheBusBattleField" time="0.0">
    <ignored/>
  </testcase> <!-- verifyTheTakeTheBusBattleField -->
  <testcase classname="webtests.TC03_BattleTakeABus" name="verifyTimeUpModalTakeTheBusBattleField" time="0.0">
    <ignored/>
  </testcase> <!-- verifyTimeUpModalTakeTheBusBattleField -->
  <testcase classname="webtests.TC01_WelcomePage" name="verifySuccessfulCreationOfWarriorAsGuest" time="0.0">
    <ignored/>
  </testcase> <!-- verifySuccessfulCreationOfWarriorAsGuest -->
  <testcase classname="webtests.TC01_WelcomePage" name="verifyWelcomePageHeader" time="0.0">
    <ignored/>
  </testcase> <!-- verifyWelcomePageHeader -->
  <testcase classname="webtests.TC02_HomePage" name="verifyAllHomePageTickerItemsPresent" time="0.0">
    <ignored/>
  </testcase> <!-- verifyAllHomePageTickerItemsPresent -->
  <testcase classname="webtests.TC06_LeaderBoard" name="answerManyQAndCheckLeaderBoard" time="0.0">
    <ignored/>
  </testcase> <!-- answerManyQAndCheckLeaderBoard -->
  <testcase classname="webtests.TC06_LeaderBoard" name="answerSingleQAndCheckLeaderBoard" time="0.0">
    <ignored/>
  </testcase> <!-- answerSingleQAndCheckLeaderBoard -->
</testsuite> <!-- WebChromeTest -->
