<?xml version="1.0" encoding="UTF-8"?>
<!-- Generated by org.testng.reporters.JUnitXMLReporter -->
<testsuite ignored="4" hostname="DESKTOP-IB7CFDB" failures="1" tests="7" name="WebChromeTest" time="102.791" errors="0" timestamp="2021-06-24T23:00:03 AEST">
  <testcase classname="webtests.TC01_WelcomePage" name="verifyWelcomePageTitle" time="0.106"/>
  <testcase classname="webtests.TC01_WelcomePage" name="verifyStartJourneyOfAHero" time="11.707"/>
  <testcase classname="webtests.TC02_HomePage" name="verifyHomePageHeader" time="7.359"/>
  <testcase classname="webtests.TC02_HomePage" name="verifyAllBattleFieldsPresent" time="0.298"/>
  <testcase classname="webtests.TC02_HomePage" name="verifyBattleFieldTakeTheBusCanBeAccessed" time="3.627"/>
  <testcase classname="webtests.TC02_HomePage" name="verifyBattleFieldGoToPublicPlaceCanBeAccessed" time="3.324"/>
  <testcase classname="webtests.TC02_HomePage" name="verifyBattleFieldGoToOfficeCanBeAccessed" time="63.049">
    <failure type="java.lang.AssertionError" message="expected [true] but found [false]">
      <![CDATA[java.lang.AssertionError: expected [true] but found [false]
at webtests.TC02_HomePage.verifyBattleFieldGoToOfficeCanBeAccessed(TC02_HomePage.java:133)
at java.base/java.util.ArrayList.forEach(ArrayList.java:1511)
... Removed 31 stack frames]]>
    </failure>
  </testcase> <!-- verifyBattleFieldGoToOfficeCanBeAccessed -->
  <testcase classname="webtests.TC01_WelcomePage" name="verifySuccessfulCreationOfWarrior" time="0.0">
    <ignored/>
  </testcase> <!-- verifySuccessfulCreationOfWarrior -->
  <testcase classname="webtests.TC01_WelcomePage" name="verifySuccessfulCreationOfWarriorAsGuest" time="0.0">
    <ignored/>
  </testcase> <!-- verifySuccessfulCreationOfWarriorAsGuest -->
  <testcase classname="webtests.TC01_WelcomePage" name="verifyWelcomePageHeader" time="0.0">
    <ignored/>
  </testcase> <!-- verifyWelcomePageHeader -->
  <testcase classname="webtests.TC02_HomePage" name="verifyAllHomePageTickerItemsPresent" time="0.0">
    <ignored/>
  </testcase> <!-- verifyAllHomePageTickerItemsPresent -->
</testsuite> <!-- WebChromeTest -->
