<?xml version="1.0" encoding="UTF-8"?>
<!-- Generated by org.testng.reporters.JUnitXMLReporter -->
<testsuite ignored="16" hostname="DESKTOP-IB7CFDB" failures="0" tests="1" name="WebEdgeTest" time="71.906" errors="0" timestamp="2021-06-22T22:22:30 AEST">
  <testcase classname="webtests.TC06_LeaderBoard" name="answerSingleQAndCheckLeaderBoard" time="63.517"/>
  <testcase classname="webtests.TC02_HomePage" name="verifyAllBattleFieldsPresent" time="0.0">
    <ignored/>
  </testcase> <!-- verifyAllBattleFieldsPresent -->
  <testcase classname="webtests.TC04_BattleGoToPublicPlace" name="verifyTheGoToPublicPlaceBattle" time="0.0">
    <ignored/>
  </testcase> <!-- verifyTheGoToPublicPlaceBattle -->
  <testcase classname="webtests.TC03_BattleTakeABus" name="verifyTheTakeTheBusBattleField" time="0.0">
    <ignored/>
  </testcase> <!-- verifyTheTakeTheBusBattleField -->
  <testcase classname="webtests.TC02_HomePage" name="verifyBattleFieldGoToPublicPlaceCanBeAccessed" time="0.0">
    <ignored/>
  </testcase> <!-- verifyBattleFieldGoToPublicPlaceCanBeAccessed -->
  <testcase classname="webtests.TC03_BattleTakeABus" name="verifyTimeUpModalTakeTheBusBattleField" time="0.0">
    <ignored/>
  </testcase> <!-- verifyTimeUpModalTakeTheBusBattleField -->
  <testcase classname="webtests.TC02_HomePage" name="verifyBattleFieldGoToOfficeCanBeAccessed" time="0.0">
    <ignored/>
  </testcase> <!-- verifyBattleFieldGoToOfficeCanBeAccessed -->
  <testcase classname="webtests.TC01_WelcomePage" name="verifySuccessfulCreationOfWarriorAsGuest" time="0.0">
    <ignored/>
  </testcase> <!-- verifySuccessfulCreationOfWarriorAsGuest -->
  <testcase classname="webtests.TC01_WelcomePage" name="verifyWelcomePageHeader" time="0.0">
    <ignored/>
  </testcase> <!-- verifyWelcomePageHeader -->
  <testcase classname="webtests.TC05_BattleGoToOffice" name="verifyGoToOfficeBattleField" time="0.0">
    <ignored/>
  </testcase> <!-- verifyGoToOfficeBattleField -->
  <testcase classname="webtests.TC02_HomePage" name="verifyBattleFieldTakeTheBusCanBeAccessed" time="0.0">
    <ignored/>
  </testcase> <!-- verifyBattleFieldTakeTheBusCanBeAccessed -->
  <testcase classname="webtests.TC01_WelcomePage" name="verifySuccessfulCreationOfWarrior" time="0.0">
    <ignored/>
  </testcase> <!-- verifySuccessfulCreationOfWarrior -->
  <testcase classname="webtests.TC02_HomePage" name="verifyHomePageHeader" time="0.0">
    <ignored/>
  </testcase> <!-- verifyHomePageHeader -->
  <testcase classname="webtests.TC01_WelcomePage" name="verifyStartJourneyOfAHero" time="0.0">
    <ignored/>
  </testcase> <!-- verifyStartJourneyOfAHero -->
  <testcase classname="webtests.TC01_WelcomePage" name="verifyWelcomePageTitle" time="0.0">
    <ignored/>
  </testcase> <!-- verifyWelcomePageTitle -->
  <testcase classname="webtests.TC02_HomePage" name="verifyAllHomePageTickerItemsPresent" time="0.0">
    <ignored/>
  </testcase> <!-- verifyAllHomePageTickerItemsPresent -->
  <testcase classname="webtests.TC06_LeaderBoard" name="answerManyQAndCheckLeaderBoard" time="0.0">
    <ignored/>
  </testcase> <!-- answerManyQAndCheckLeaderBoard -->
</testsuite> <!-- WebEdgeTest -->
