<?xml version="1.0" encoding="UTF-8"?>
<!-- Generated by org.testng.reporters.JUnitXMLReporter -->
<testsuite ignored="0" hostname="DESKTOP-IB7CFDB" failures="0" tests="12" name="APITest" time="29.883" errors="0" timestamp="2021-06-22T20:05:31 AEST">
  <testcase classname="com.apitest.TC01_API_Test" name="getRequestAPITest" time="11.566"/>
  <testcase classname="com.apitest.TC01_API_Test" name="postRequestAPITest" time="2.247"/>
  <testcase classname="com.apitest.TC01_API_Test" name="postRequestAPITest" time="1.774"/>
  <testcase classname="com.apitest.TC01_API_Test" name="postRequestAPITest" time="1.682"/>
  <testcase classname="com.apitest.TC01_API_Test" name="postRequestAPITest" time="1.689"/>
  <testcase classname="com.apitest.TC01_API_Test" name="postRequestAPITest" time="1.681"/>
  <testcase classname="com.apitest.TC01_API_Test" name="validateCreatedUserThruPostAPITest" time="1.752"/>
  <testcase classname="com.apitest.TC01_API_Test" name="putRequestAPITest" time="0.013"/>
  <testcase classname="com.apitest.TC01_API_Test" name="validateUpdatedUserThruPutAPITest" time="1.807"/>
  <testcase classname="com.apitest.TC01_API_Test" name="putRequestToCreateDataAPITest" time="2.157"/>
  <testcase classname="com.apitest.TC01_API_Test" name="blankDeleteKeyRequestAPITest" time="1.238"/>
  <testcase classname="com.apitest.TC01_API_Test" name="incorrectDeleteKeyRequestAPITest" time="1.249"/>
</testsuite> <!-- APITest -->
