<?xml version="1.0" encoding="UTF-8"?>
<!-- Generated by org.testng.reporters.JUnitXMLReporter -->
<testsuite ignored="9" hostname="DESKTOP-IB7CFDB" failures="2" tests="2" name="WebEdgeTest" time="0.438" errors="0" timestamp="2021-06-22T20:05:01 AEST">
  <testcase classname="webtests.TC06_LeaderBoard" name="answerSingleQAndCheckLeaderBoard" time="0.005">
    <failure type="java.lang.NullPointerException" message="Cannot invoke &amp;quot;org.openqa.selenium.remote.RemoteWebDriver.getCapabilities()&amp;quot; because &amp;quot;driver&amp;quot; is null">
      <![CDATA[java.lang.NullPointerException: Cannot invoke "org.openqa.selenium.remote.RemoteWebDriver.getCapabilities()" because "driver" is null
at com.utils.SystemDetails.getBrowserName(SystemDetails.java:10)
at com.utils.Listener.onTestStart(Listener.java:39)
at java.base/java.util.ArrayList.forEach(ArrayList.java:1511)
at java.base/java.util.concurrent.FutureTask.run(FutureTask.java:264)
at java.base/java.util.concurrent.ThreadPoolExecutor.runWorker(ThreadPoolExecutor.java:1130)
at java.base/java.util.concurrent.ThreadPoolExecutor$Worker.run(ThreadPoolExecutor.java:630)
at java.base/java.lang.Thread.run(Thread.java:832)
... Removed 15 stack frames]]>
    </failure>
  </testcase> <!-- answerSingleQAndCheckLeaderBoard -->
  <testcase classname="webtests.TC06_LeaderBoard" name="answerSingleQAndCheckLeaderBoard" time="0.02">
    <failure type="java.lang.NullPointerException" message="Cannot invoke &amp;quot;com.aventstack.extentreports.ExtentTest.log(com.aventstack.extentreports.Status, String)&amp;quot; because the return value of &amp;quot;com.utils.ExtentTS.getExtent()&amp;quot; is null">
      <![CDATA[java.lang.NullPointerException: Cannot invoke "com.aventstack.extentreports.ExtentTest.log(com.aventstack.extentreports.Status, String)" because the return value of "com.utils.ExtentTS.getExtent()" is null
at com.utils.Listener.onTestFailure(Listener.java:50)
at java.base/java.util.ArrayList.forEach(ArrayList.java:1511)
at java.base/java.util.concurrent.FutureTask.run(FutureTask.java:264)
at java.base/java.util.concurrent.ThreadPoolExecutor.runWorker(ThreadPoolExecutor.java:1130)
at java.base/java.util.concurrent.ThreadPoolExecutor$Worker.run(ThreadPoolExecutor.java:630)
at java.base/java.lang.Thread.run(Thread.java:832)
... Removed 15 stack frames]]>
    </failure>
  </testcase> <!-- answerSingleQAndCheckLeaderBoard -->
  <testcase classname="webtests.TC04_BattleGoToPublicPlace" name="verifyTheTakeTheBusBattleField" time="0.0">
    <ignored/>
  </testcase> <!-- verifyTheTakeTheBusBattleField -->
  <testcase classname="webtests.TC01_WelcomePage" name="verifySuccessfulCreationOfWarrior" time="0.0">
    <ignored/>
  </testcase> <!-- verifySuccessfulCreationOfWarrior -->
  <testcase classname="webtests.TC05_BattleGoToOffice" name="verifyTheTakeTheBusBattleField" time="0.0">
    <ignored/>
  </testcase> <!-- verifyTheTakeTheBusBattleField -->
  <testcase classname="webtests.TC03_BattleTakeABus" name="verifyTheTakeTheBusBattleField" time="0.0">
    <ignored/>
  </testcase> <!-- verifyTheTakeTheBusBattleField -->
  <testcase classname="webtests.TC03_BattleTakeABus" name="verifyTimeUpModalTakeTheBusBattleField" time="0.0">
    <ignored/>
  </testcase> <!-- verifyTimeUpModalTakeTheBusBattleField -->
  <testcase classname="webtests.TC01_WelcomePage" name="verifySuccessfulCreationOfWarriorAsGuest" time="0.0">
    <ignored/>
  </testcase> <!-- verifySuccessfulCreationOfWarriorAsGuest -->
  <testcase classname="webtests.TC01_WelcomePage" name="verifyWelcomePageHeader" time="0.0">
    <ignored/>
  </testcase> <!-- verifyWelcomePageHeader -->
  <testcase classname="webtests.TC02_HomePage" name="verifyAllHomePageTickerItemsPresent" time="0.0">
    <ignored/>
  </testcase> <!-- verifyAllHomePageTickerItemsPresent -->
  <testcase classname="webtests.TC06_LeaderBoard" name="answerManyQAndCheckLeaderBoard" time="0.0">
    <ignored/>
  </testcase> <!-- answerManyQAndCheckLeaderBoard -->
</testsuite> <!-- WebEdgeTest -->
