<?xml version="1.0" encoding="UTF-8"?>
<testsuite xmlns:xsi="http://www.w3.org/2001/XMLSchema-instance" xsi:noNamespaceSchemaLocation="https://maven.apache.org/surefire/maven-surefire-plugin/xsd/surefire-test-report-3.0.xsd" version="3.0" name="TestSuite" time="30.351" tests="18" errors="0" skipped="0" failures="6">
  <properties>
[...]
</properties>
  <testcase name="answerSingleQAndCheckLeaderBoard" classname="webtests.TC06_LeaderBoard" time="0.006">
    <failure message="Cannot invoke &quot;org.openqa.selenium.remote.RemoteWebDriver.getCapabilities()&quot; because &quot;driver&quot; is null" type="java.lang.NullPointerException"><![CDATA[java.lang.NullPointerException: Cannot invoke "org.openqa.selenium.remote.RemoteWebDriver.getCapabilities()" because "driver" is null
]]></failure>
    <system-out><![CDATA[...
... TestNG 7.4.0 by Cédric Beust (cedric@beust.com)
...

]]></system-out>
  </testcase>
  <testcase name="answerSingleQAndCheckLeaderBoard" classname="webtests.TC06_LeaderBoard" time="0.007">
    <failure message="Cannot invoke &quot;org.openqa.selenium.remote.RemoteWebDriver.getCapabilities()&quot; because &quot;driver&quot; is null" type="java.lang.NullPointerException"><![CDATA[java.lang.NullPointerException: Cannot invoke "org.openqa.selenium.remote.RemoteWebDriver.getCapabilities()" because "driver" is null
]]></failure>
  </testcase>
  <testcase name="answerSingleQAndCheckLeaderBoard" classname="webtests.TC06_LeaderBoard" time="0.007">
    <failure message="Cannot invoke &quot;com.aventstack.extentreports.ExtentTest.log(com.aventstack.extentreports.Status, String)&quot; because the return value of &quot;com.utils.ExtentTS.getExtent()&quot; is null" type="java.lang.NullPointerException"><![CDATA[java.lang.NullPointerException: Cannot invoke "com.aventstack.extentreports.ExtentTest.log(com.aventstack.extentreports.Status, String)" because the return value of "com.utils.ExtentTS.getExtent()" is null
]]></failure>
  </testcase>
  <testcase name="answerSingleQAndCheckLeaderBoard" classname="webtests.TC06_LeaderBoard" time="0.007">
    <failure message="Cannot invoke &quot;com.aventstack.extentreports.ExtentTest.log(com.aventstack.extentreports.Status, String)&quot; because the return value of &quot;com.utils.ExtentTS.getExtent()&quot; is null" type="java.lang.NullPointerException"><![CDATA[java.lang.NullPointerException: Cannot invoke "com.aventstack.extentreports.ExtentTest.log(com.aventstack.extentreports.Status, String)" because the return value of "com.utils.ExtentTS.getExtent()" is null
]]></failure>
  </testcase>
  <testcase name="verifyHomePageHeader" classname="webtests.TC02_HomePage" time="0.007">
    <failure message="Cannot invoke &quot;org.openqa.selenium.remote.RemoteWebDriver.getCapabilities()&quot; because &quot;driver&quot; is null" type="java.lang.NullPointerException"><![CDATA[java.lang.NullPointerException: Cannot invoke "org.openqa.selenium.remote.RemoteWebDriver.getCapabilities()" because "driver" is null
]]></failure>
  </testcase>
  <testcase name="verifyHomePageHeader" classname="webtests.TC02_HomePage" time="0.007">
    <failure message="Cannot invoke &quot;com.aventstack.extentreports.ExtentTest.log(com.aventstack.extentreports.Status, String)&quot; because the return value of &quot;com.utils.ExtentTS.getExtent()&quot; is null" type="java.lang.NullPointerException"><![CDATA[java.lang.NullPointerException: Cannot invoke "com.aventstack.extentreports.ExtentTest.log(com.aventstack.extentreports.Status, String)" because the return value of "com.utils.ExtentTS.getExtent()" is null
]]></failure>
  </testcase>
  <testcase name="getRequestAPITest" classname="com.apitest.TC01_API_Test" time="11.566"/>
  <testcase name="postRequestAPITest[Warrior, 1000.0](1)" classname="com.apitest.TC01_API_Test" time="2.246"/>
  <testcase name="postRequestAPITest[Hero, 5000.0](2)" classname="com.apitest.TC01_API_Test" time="1.774"/>
  <testcase name="postRequestAPITest[Cure, 5000.0](3)" classname="com.apitest.TC01_API_Test" time="1.683"/>
  <testcase name="postRequestAPITest[Vaccine, 3000.0](4)" classname="com.apitest.TC01_API_Test" time="1.689"/>
  <testcase name="postRequestAPITest[Mask, 2000.0](5)" classname="com.apitest.TC01_API_Test" time="1.681"/>
  <testcase name="validateCreatedUserThruPostAPITest" classname="com.apitest.TC01_API_Test" time="2.486">
    <system-out><![CDATA[HTTP/1.1 200 OK
Server: Cowboy
Connection: keep-alive
X-Powered-By: Express
Access-Control-Allow-Origin: *
Content-Type: application/json; charset=utf-8
Content-Length: 16785
Etag: W/"4191-5SvTS2lBsacj75xM1G1YPwM/AdI"
Date: Tue, 22 Jun 2021 10:05:24 GMT
Via: 1.1 vegur

[
    {
        "user_id": 10649,
        "username": "Herobgq",
        "score": 5000
    },
    {
        "user_id": 10815,
        "username": "Herocds",
        "score": 5000
    },
    {
        "user_id": 10947,
        "username": "Curerzt",
        "score": 5000
    },
    {
        "user_id": 10946,
        "username": "Herogwi",
        "score": 5000
    },
    {
        "user_id": 10658,
        "username": "Herokug",
        "score": 5000
    },
    {
        "user_id": 10659,
        "username": "Curevuk",
        "score": 5000
    },
    {
        "user_id": 11018,
        "username": "Curejaf",
        "score": 5000
    },
    {
        "user_id": 11017,
        "username": "Herohfb",
        "score": 5000
    },
    {
        "user_id": 10928,
        "username": "Curenrb",
        "score": 5000
    },
    {
        "user_id": 10926,
        "username": "Heroqbt",
        "score": 5000
    },
    {
        "user_id": 10670,
        "username": "Herosse",
        "score": 5000
    },
    {
        "user_id": 10671,
        "username": "Curedma",
        "score": 5000
    },
    {
        "user_id": 10915,
        "username": "Curelzt",
        "score": 5000
    },
    {
        "user_id": 10914,
        "username": "Herourj",
        "score": 5000
    },
    {
        "user_id": 10900,
        "username": "Curesdv",
        "score": 5000
    },
    {
        "user_id": 10899,
        "username": "Herojwd",
        "score": 5000
    },
    {
        "user_id": 10891,
        "username": "Curesqh",
        "score": 5000
    },
    {
        "user_id": 10890,
        "username": "Herogsr",
        "score": 5000
    },
    {
        "user_id": 10883,
        "username": "Cureogc",
        "score": 5000
    },
    {
        "user_id": 10882,
        "username": "Herolef",
        "score": 5000
    },
    {
        "user_id": 10696,
        "username": "Herocws",
        "score": 5000
    },
    {
        "user_id": 10697,
        "username": "Curedxy",
        "score": 5000
    },
    {
        "user_id": 10985,
        "username": "Curerzp",
        "score": 5000
    },
    {
        "user_id": 10984,
        "username": "Herodhi",
        "score": 5000
    },
    {
        "user_id": 10873,
        "username": "Curepkn",
        "score": 5000
    },
    {
        "user_id": 10872,
        "username": "Herofus",
        "score": 5000
    },
    {
        "user_id": 10865,
        "username": "Curehpy",
        "score": 5000
    },
    {
        "user_id": 10862,
        "username": "Heropac",
        "score": 5000
    },
    {
        "user_id": 10713,
        "username": "Heroydo",
        "score": 5000
    },
    {
        "user_id": 10714,
        "username": "Cureznb",
        "score": 5000
    },
    {
        "user_id": 10854,
        "username": "Curesqw",
        "score": 5000
    },
    {
        "user_id": 10853,
        "username": "Herovbz",
        "score": 5000
    },
    {
        "user_id": 10723,
        "username": "Heroont",
        "score": 5000
    },
    {
        "user_id": 10724,
        "username": "Curezbc",
        "score": 5000
    },
    {
        "user_id": 10970,
        "username": "Curengo",
        "score": 5000
    },
    {
        "user_id": 10847,
        "username": "Curevxr",
        "score": 5000
    },
    {
        "user_id": 10846,
        "username": "Heroeay",
        "score": 5000
    },
    {
        "user_id": 10732,
        "username": "Herovtt",
        "score": 5000
    },
    {
        "user_id": 10733,
        "username": "Curecan",
        "score": 5000
    },
    {
        "user_id": 10775,
        "username": "Herojcc",
        "score": 5000
    },
    {
        "user_id": 10839,
        "username": "Curebxp",
        "score": 5000
    },
    {
        "user_id": 10837,
        "username": "Herostv",
        "score": 5000
    },
    {
        "user_id": 10742,
        "username": "Heroona",
        "score": 5000
    },
    {
        "user_id": 10743,
        "username": "Curevmb",
        "score": 5000
    },
    {
        "user_id": 10776,
        "username": "Curefbq",
        "score": 5000
    },
    {
        "user_id": 10831,
        "username": "Curexux",
        "score": 5000
    },
    {
        "user_id": 10830,
        "username": "Heroxzb",
        "score": 5000
    },
    {
        "user_id": 10823,
        "username": "Cureelk",
        "score": 5000
    },
    {
        "user_id": 10752,
        "username": "Herohih",
        "score": 5000
    },
    {
        "user_id": 10753,
        "username": "Cureeve",
        "score": 5000
    },
    {
        "user_id": 10969,
        "username": "Heroziv",
        "score": 5000
    },
    {
        "user_id": 10821,
        "username": "Heroyjy",
        "score": 5000
    },
    {
        "user_id": 10758,
        "username": "Herorte",
        "score": 5000
    },
    {
        "user_id": 10759,
        "username": "Curewwt",
        "score": 5000
    },
    {
        "user_id": 10816,
        "username": "Curebsd",
        "score": 5000
    },
    {
        "user_id": 10765,
        "username": "Heromao",
        "score": 5000
    },
    {
        "user_id": 10766,
        "username": "Curevsf",
        "score": 5000
    },
    {
        "user_id": 10650,
        "username": "Curejro",
        "score": 5000
    },
    {
        "user_id": 10809,
        "username": "Curepik",
        "score": 5000
    },
    {
        "user_id": 10808,
        "username": "Herorvk",
        "score": 5000
    },
    {
        "user_id": 10783,
        "username": "Heroxki",
        "score": 5000
    },
    {
        "user_id": 10784,
        "username": "Curelzv",
        "score": 5000
    },
    {
        "user_id": 10802,
        "username": "Curehxy",
        "score": 5000
    },
    {
        "user_id": 10801,
        "username": "Heromiq",
        "score": 5000
    },
    {
        "user_id": 10792,
        "username": "Heromly",
        "score": 5000
    },
    {
        "user_id": 10794,
        "username": "Curetno",
        "score": 5000
    },
    {
        "user_id": 10672,
        "username": "Vaccineida",
        "score": 3000
    },
    {
        "user_id": 10803,
        "username": "Vaccinebhk",
        "score": 3000
    },
    {
        "user_id": 10986,
        "username": "Vaccinewzl",
        "score": 3000
    },
    {
        "user_id": 10778,
        "username": "Vaccinejzd",
        "score": 3000
    },
    {
        "user_id": 10917,
        "username": "Vaccineogq",
        "score": 3000
    },
    {
        "user_id": 10824,
        "username": "Vaccinenyo",
        "score": 3000
    },
    {
        "user_id": 10848,
        "username": "Vaccinecij",
        "score": 3000
    },
    {
        "user_id": 10795,
        "username": "Vaccineaee",
        "score": 3000
    },
    {
        "user_id": 10904,
        "username": "Vaccinefeb",
        "score": 3000
    },
    {
        "user_id": 10866,
        "username": "Vaccinekuh",
        "score": 3000
    },
    {
        "user_id": 10744,
        "username": "Vaccinehqh",
        "score": 3000
    },
    {
        "user_id": 10840,
        "username": "Vaccinefap",
        "score": 3000
    },
    {
        "user_id": 10892,
        "username": "Vaccineenk",
        "score": 3000
    },
    {
        "user_id": 10725,
        "username": "Vaccineual",
        "score": 3000
    },
    {
        "user_id": 10874,
        "username": "Vaccinecbw",
        "score": 3000
    },
    {
        "user_id": 11019,
        "username": "Vaccineddf",
        "score": 3000
    },
    {
        "user_id": 10884,
        "username": "Vaccinelpc",
        "score": 3000
    },
    {
        "user_id": 10949,
        "username": "Vaccinekut",
        "score": 3000
    },
    {
        "user_id": 10817,
        "username": "Vaccinewfr",
        "score": 3000
    },
    {
        "user_id": 10767,
        "username": "Vaccinerex",
        "score": 3000
    },
    {
        "user_id": 10734,
        "username": "Vaccineseq",
        "score": 3000
    },
    {
        "user_id": 10810,
        "username": "Vaccineqzy",
        "score": 3000
    },
    {
        "user_id": 10855,
        "username": "Vaccinewsk",
        "score": 3000
    },
    {
        "user_id": 10760,
        "username": "Vaccinecym",
        "score": 3000
    },
    {
        "user_id": 10660,
        "username": "Vaccineyoi",
        "score": 3000
    },
    {
        "user_id": 10785,
        "username": "Vaccineyyv",
        "score": 3000
    },
    {
        "user_id": 10715,
        "username": "Vaccinekhy",
        "score": 3000
    },
    {
        "user_id": 10698,
        "username": "Vaccinekam",
        "score": 3000
    },
    {
        "user_id": 10929,
        "username": "Vaccinezrd",
        "score": 3000
    },
    {
        "user_id": 10832,
        "username": "Vaccinezue",
        "score": 3000
    },
    {
        "user_id": 10651,
        "username": "Vaccinekwb",
        "score": 3000
    },
    {
        "user_id": 10971,
        "username": "Vaccinedmi",
        "score": 3000
    },
    {
        "user_id": 10754,
        "username": "Vaccinefpk",
        "score": 3000
    },
    {
        "user_id": 10841,
        "username": "Maskbby",
        "score": 2000
    },
    {
        "user_id": 10779,
        "username": "Maskcmx",
        "score": 2000
    },
    {
        "user_id": 10768,
        "username": "Masksdj",
        "score": 2000
    },
    {
        "user_id": 10786,
        "username": "Maskoiw",
        "score": 2000
    },
    {
        "user_id": 10735,
        "username": "Masknpu",
        "score": 2000
    },
    {
        "user_id": 10867,
        "username": "Maskbkr",
        "score": 2000
    },
    {
        "user_id": 11020,
        "username": "Maskpye",
        "score": 2000
    },
    {
        "user_id": 10858,
        "username": "Maskypd",
        "score": 2000
    },
    {
        "user_id": 10761,
        "username": "Masktgy",
        "score": 2000
    },
    {
        "user_id": 10930,
        "username": "Maskgci",
        "score": 2000
    },
    {
        "user_id": 10972,
        "username": "Maskask",
        "score": 2000
    },
    {
        "user_id": 10987,
        "username": "Masksgk",
        "score": 2000
    },
    {
        "user_id": 10918,
        "username": "Maskopq",
        "score": 2000
    },
    {
        "user_id": 10849,
        "username": "Maskbqn",
        "score": 2000
    },
    {
        "user_id": 10905,
        "username": "Maskrre",
        "score": 2000
    },
    {
        "user_id": 10755,
        "username": "Maskwvf",
        "score": 2000
    },
    {
        "user_id": 10896,
        "username": "Maskmpq",
        "score": 2000
    },
    {
        "user_id": 10726,
        "username": "Maskuqw",
        "score": 2000
    },
    {
        "user_id": 10885,
        "username": "Maskncl",
        "score": 2000
    },
    {
        "user_id": 10745,
        "username": "Maskmkb",
        "score": 2000
    },
    {
        "user_id": 10875,
        "username": "Maskthb",
        "score": 2000
    },
    {
        "user_id": 10950,
        "username": "Masksjz",
        "score": 2000
    },
    {
        "user_id": 10897,
        "username": "Heroklw",
        "score": 1550
    },
    {
        "user_id": 10652,
        "username": "Maskllu",
        "score": 1550
    },
    {
        "user_id": 10653,
        "username": "Heroboh",
        "score": 1550
    },
    {
        "user_id": 10661,
        "username": "Maskrmd",
        "score": 1550
    },
    {
        "user_id": 10664,
        "username": "Herookf",
        "score": 1550
    },
    {
        "user_id": 10673,
        "username": "Maskqtu",
        "score": 1550
    },
    {
        "user_id": 10674,
        "username": "Herodxt",
        "score": 1550
    },
    {
        "user_id": 10699,
        "username": "Maskxzb",
        "score": 1550
    },
    {
        "user_id": 10700,
        "username": "Heroqbe",
        "score": 1550
    },
    {
        "user_id": 10716,
        "username": "Maskrxr",
        "score": 1550
    },
    {
        "user_id": 10718,
        "username": "Heroxbh",
        "score": 1550
    },
    {
        "user_id": 10727,
        "username": "Herowgn",
        "score": 1550
    },
    {
        "user_id": 10737,
        "username": "Herouxt",
        "score": 1550
    },
    {
        "user_id": 10746,
        "username": "Heroohk",
        "score": 1550
    },
    {
        "user_id": 10756,
        "username": "Herouau",
        "score": 1550
    },
    {
        "user_id": 10763,
        "username": "Herowcr",
        "score": 1550
    },
    {
        "user_id": 10769,
        "username": "Heromji",
        "score": 1550
    },
    {
        "user_id": 10780,
        "username": "Heroykn",
        "score": 1550
    },
    {
        "user_id": 10787,
        "username": "Heroktd",
        "score": 1550
    },
    {
        "user_id": 10796,
        "username": "Maskvww",
        "score": 1550
    },
    {
        "user_id": 10797,
        "username": "Herohsc",
        "score": 1550
    },
    {
        "user_id": 10804,
        "username": "Maskkwj",
        "score": 1550
    },
    {
        "user_id": 10805,
        "username": "Herozqe",
        "score": 1550
    },
    {
        "user_id": 10811,
        "username": "Maskpzv",
        "score": 1550
    },
    {
        "user_id": 10812,
        "username": "Heroqvf",
        "score": 1550
    },
    {
        "user_id": 10818,
        "username": "Maskccg",
        "score": 1550
    },
    {
        "user_id": 10819,
        "username": "Herolyp",
        "score": 1550
    },
    {
        "user_id": 10825,
        "username": "Maskuuk",
        "score": 1550
    },
    {
        "user_id": 10826,
        "username": "Herofer",
        "score": 1550
    },
    {
        "user_id": 10833,
        "username": "Maskziv",
        "score": 1550
    },
    {
        "user_id": 10834,
        "username": "Herounx",
        "score": 1550
    },
    {
        "user_id": 10842,
        "username": "Herovju",
        "score": 1550
    },
    {
        "user_id": 10850,
        "username": "Herogyl",
        "score": 1550
    },
    {
        "user_id": 10859,
        "username": "Herowdr",
        "score": 1550
    },
    {
        "user_id": 10868,
        "username": "Heroojb",
        "score": 1550
    },
    {
        "user_id": 10876,
        "username": "Heroxsm",
        "score": 1550
    },
    {
        "user_id": 10886,
        "username": "Herowdc",
        "score": 1550
    },
    {
        "user_id": 10906,
        "username": "Herognn",
        "score": 1550
    },
    {
        "user_id": 10919,
        "username": "Heroizn",
        "score": 1550
    },
    {
        "user_id": 10932,
        "username": "Heroldc",
        "score": 1550
    },
    {
        "user_id": 10951,
        "username": "Herousb",
        "score": 1550
    },
    {
        "user_id": 10973,
        "username": "Heroeha",
        "score": 1550
    },
    {
        "user_id": 10988,
        "username": "Herobnw",
        "score": 1550
    },
    {
        "user_id": 10968,
        "username": "Warrioryrb",
        "score": 1000
    },
    {
        "user_id": 10648,
        "username": "Warriorxto",
        "score": 1000
    },
    {
        "user_id": 10898,
        "username": "Warriorqbx",
        "score": 1000
    },
    {
        "user_id": 10806,
        "username": "Warriorbjt",
        "score": 1000
    },
    {
        "user_id": 10751,
        "username": "Warriorjzp",
        "score": 1000
    },
    {
        "user_id": 10845,
        "username": "Warriorpvi",
        "score": 1000
    },
    {
        "user_id": 10781,
        "username": "Warriorazp",
        "score": 1000
    },
    {
        "user_id": 10861,
        "username": "Warriorixn",
        "score": 1000
    },
    {
        "user_id": 10836,
        "username": "Warriorcjg",
        "score": 1000
    },
    {
        "user_id": 10813,
        "username": "Warriordft",
        "score": 1000
    },
    {
        "user_id": 10945,
        "username": "Warriorrns",
        "score": 1000
    },
    {
        "user_id": 10657,
        "username": "Warriorteo",
        "score": 1000
    },
    {
        "user_id": 10764,
        "username": "Warrioriyl",
        "score": 1000
    },
    {
        "user_id": 10881,
        "username": "Warriorjew",
        "score": 1000
    },
    {
        "user_id": 10829,
        "username": "Warriorfli",
        "score": 1000
    },
    {
        "user_id": 10912,
        "username": "Warriorbcq",
        "score": 1000
    },
    {
        "user_id": 10722,
        "username": "Warrioraev",
        "score": 1000
    },
    {
        "user_id": 10820,
        "username": "Warriorssy",
        "score": 1000
    },
    {
        "user_id": 10757,
        "username": "Warriortyj",
        "score": 1000
    },
    {
        "user_id": 10741,
        "username": "Warriorbkz",
        "score": 1000
    },
    {
        "user_id": 10889,
        "username": "Warrioryzz",
        "score": 1000
    },
    {
        "user_id": 10694,
        "username": "Warriorlro",
        "score": 1000
    },
    {
        "user_id": 10774,
        "username": "Warriorsbn",
        "score": 1000
    },
    {
        "user_id": 11016,
        "username": "Warriorsre",
        "score": 1000
    },
    {
        "user_id": 10852,
        "username": "Warriorxfl",
        "score": 1000
    },
    {
        "user_id": 10925,
        "username": "Warriorqqm",
        "score": 1000
    },
    {
        "user_id": 10669,
        "username": "Warriorktn",
        "score": 1000
    },
    {
        "user_id": 10983,
        "username": "Warriorhzo",
        "score": 1000
    },
    {
        "user_id": 10731,
        "username": "Warriorvta",
        "score": 1000
    },
    {
        "user_id": 10791,
        "username": "Warriorqyt",
        "score": 1000
    },
    {
        "user_id": 10871,
        "username": "Warriortom",
        "score": 1000
    },
    {
        "user_id": 10799,
        "username": "Warriorgua",
        "score": 1000
    },
    {
        "user_id": 10711,
        "username": "Warriorrop",
        "score": 1000
    },
    {
        "user_id": 10636,
        "username": "lee",
        "score": 680
    },
    {
        "user_id": 10644,
        "username": "mask3",
        "score": 290
    },
    {
        "user_id": 10637,
        "username": "1a1adc",
        "score": 100
    },
    {
        "user_id": 10642,
        "username": "d5bc4b",
        "score": 100
    },
    {
        "user_id": 10979,
        "username": "WebKal gwt",
        "score": 100
    },
    {
        "user_id": 10856,
        "username": "StartingTest",
        "score": 100
    },
    {
        "user_id": 10641,
        "username": "3fg79j",
        "score": 100
    },
    {
        "user_id": 10996,
        "username": "WebKal hop",
        "score": 100
    },
    {
        "user_id": 10640,
        "username": "ga07ii",
        "score": 100
    },
    {
        "user_id": 10638,
        "username": "3ff87a",
        "score": 100
    },
    {
        "user_id": 10643,
        "username": "ac8af2",
        "score": 100
    },
    {
        "user_id": 10634,
        "username": "guest",
        "score": 100
    },
    {
        "user_id": 11011,
        "username": "GotVaccineusa",
        "score": 0
    },
    {
        "user_id": 10888,
        "username": "GotVaccineyca",
        "score": 0
    },
    {
        "user_id": 10689,
        "username": "NoCurebcu",
        "score": 0
    },
    {
        "user_id": 10688,
        "username": "GotVaccinendx",
        "score": 0
    },
    {
        "user_id": 10687,
        "username": "GotVaccineydr",
        "score": 0
    },
    {
        "user_id": 10894,
        "username": "WebKal feh",
        "score": 0
    },
    {
        "user_id": 10686,
        "username": "GotVaccinewvb",
        "score": 0
    },
    {
        "user_id": 10635,
        "username": "c9c7af",
        "score": 0
    },
    {
        "user_id": 10684,
        "username": "Web SK emt",
        "score": 0
    },
    {
        "user_id": 10682,
        "username": "Web SK cpn",
        "score": 0
    },
    {
        "user_id": 10903,
        "username": "WebKal xms",
        "score": 0
    },
    {
        "user_id": 10681,
        "username": "NoCurequu",
        "score": 0
    },
    {
        "user_id": 10680,
        "username": "NoCuresky",
        "score": 0
    },
    {
        "user_id": 11012,
        "username": "GotVaccinedfx",
        "score": 0
    },
    {
        "user_id": 10908,
        "username": "GotVaccinegzw",
        "score": 0
    },
    {
        "user_id": 10909,
        "username": "GotVaccinekti",
        "score": 0
    },
    {
        "user_id": 10913,
        "username": "WebKal vzj",
        "score": 0
    },
    {
        "user_id": 10678,
        "username": "GotVaccinexet",
        "score": 0
    },
    {
        "user_id": 10677,
        "username": "GotVaccinepus",
        "score": 0
    },
    {
        "user_id": 10676,
        "username": "NoCuresue",
        "score": 0
    },
    {
        "user_id": 10675,
        "username": "GotVaccinenmz",
        "score": 0
    },
    {
        "user_id": 10920,
        "username": "GotVaccineufi",
        "score": 0
    },
    {
        "user_id": 10923,
        "username": "WebKal mhk",
        "score": 0
    },
    {
        "user_id": 10668,
        "username": "Web SK pvc",
        "score": 0
    },
    {
        "user_id": 10666,
        "username": "Web SK mhf",
        "score": 0
    },
    {
        "user_id": 10665,
        "username": "Web SK obq",
        "score": 0
    },
    {
        "user_id": 10639,
        "username": "e97845",
        "score": 0
    },
    {
        "user_id": 10935,
        "username": "GotVaccinenso",
        "score": 0
    },
    {
        "user_id": 10936,
        "username": "NoCuregpw",
        "score": 0
    },
    {
        "user_id": 10937,
        "username": "GotVaccinekdc",
        "score": 0
    },
    {
        "user_id": 10938,
        "username": "NoCureobz",
        "score": 0
    },
    {
        "user_id": 10942,
        "username": "Web SK pgp",
        "score": 0
    },
    {
        "user_id": 10944,
        "username": "WebKal ssj",
        "score": 0
    },
    {
        "user_id": 10656,
        "username": "Web SK gvv",
        "score": 0
    },
    {
        "user_id": 10655,
        "username": "Web SK zfx",
        "score": 0
    },
    {
        "user_id": 10953,
        "username": "GotVaccineaxg",
        "score": 0
    },
    {
        "user_id": 10954,
        "username": "GotVaccinekzx",
        "score": 0
    },
    {
        "user_id": 10958,
        "username": "GotVaccinetbl",
        "score": 0
    },
    {
        "user_id": 10959,
        "username": "GotVaccineawg",
        "score": 0
    },
    {
        "user_id": 10964,
        "username": "WebKal wvd",
        "score": 0
    },
    {
        "user_id": 10965,
        "username": "GotVaccinecsg",
        "score": 0
    },
    {
        "user_id": 10966,
        "username": "GotVaccineiyi",
        "score": 0
    },
    {
        "user_id": 10773,
        "username": "Web SK tcr",
        "score": 0
    },
    {
        "user_id": 10771,
        "username": "NoCurefeo",
        "score": 0
    },
    {
        "user_id": 10974,
        "username": "GotVaccineyru",
        "score": 0
    },
    {
        "user_id": 10980,
        "username": "GotVaccineaic",
        "score": 0
    },
    {
        "user_id": 10982,
        "username": "GotVaccinevig",
        "score": 0
    },
    {
        "user_id": 10793,
        "username": "GotVaccinemkvGotVaccineohf",
        "score": 0
    },
    {
        "user_id": 10798,
        "username": "GotVaccineiaiGotVaccinedov",
        "score": 0
    },
    {
        "user_id": 10800,
        "username": "GotVaccinexzdGotVaccineula",
        "score": 0
    },
    {
        "user_id": 10790,
        "username": "GotVaccinegks",
        "score": 0
    },
    {
        "user_id": 10789,
        "username": "GotVaccineaacGotVaccinezmd",
        "score": 0
    },
    {
        "user_id": 10788,
        "username": "GotVaccineljuGotVaccineowi",
        "score": 0
    },
    {
        "user_id": 10807,
        "username": "GotVaccinevjxGotVaccinemjm",
        "score": 0
    },
    {
        "user_id": 10782,
        "username": "GotVaccinegrmGotVaccineqis",
        "score": 0
    },
    {
        "user_id": 10777,
        "username": "GotVaccinezfgGotVaccineyfx",
        "score": 0
    },
    {
        "user_id": 10989,
        "username": "GotVaccinenjq",
        "score": 0
    },
    {
        "user_id": 10814,
        "username": "GotVaccineszwGotVaccineatn",
        "score": 0
    },
    {
        "user_id": 10770,
        "username": "GotVaccineqwi",
        "score": 0
    },
    {
        "user_id": 10990,
        "username": "NoCurexvp",
        "score": 0
    },
    {
        "user_id": 10762,
        "username": "GotVaccineggy",
        "score": 0
    },
    {
        "user_id": 10822,
        "username": "GotVaccineqwfGotVaccinefkz",
        "score": 0
    },
    {
        "user_id": 10750,
        "username": "Web SK vmp",
        "score": 0
    },
    {
        "user_id": 10997,
        "username": "GotVaccinegfu",
        "score": 0
    },
    {
        "user_id": 10998,
        "username": "NoCurezxc",
        "score": 0
    },
    {
        "user_id": 10827,
        "username": "abc123",
        "score": 0
    },
    {
        "user_id": 10748,
        "username": "NoCureowu",
        "score": 0
    },
    {
        "user_id": 10747,
        "username": "GotVaccinecyd",
        "score": 0
    },
    {
        "user_id": 11000,
        "username": "Web SK irn",
        "score": 0
    },
    {
        "user_id": 10835,
        "username": "mask35",
        "score": 0
    },
    {
        "user_id": 10740,
        "username": "Web SK aux",
        "score": 0
    },
    {
        "user_id": 10838,
        "username": "WebKal fqhWebKal wdt",
        "score": 0
    },
    {
        "user_id": 10738,
        "username": "NoCurejdj",
        "score": 0
    },
    {
        "user_id": 10736,
        "username": "GotVaccinekyd",
        "score": 0
    },
    {
        "user_id": 11002,
        "username": "GotVaccinemcj",
        "score": 0
    },
    {
        "user_id": 10843,
        "username": "GotVaccineiku",
        "score": 0
    },
    {
        "user_id": 10844,
        "username": "StartingTestStartingTest",
        "score": 0
    },
    {
        "user_id": 10729,
        "username": "NoCurechz",
        "score": 0
    },
    {
        "user_id": 10728,
        "username": "GotVaccineyie",
        "score": 0
    },
    {
        "user_id": 10720,
        "username": "NoCureibx",
        "score": 0
    },
    {
        "user_id": 11003,
        "username": "NoCureluv",
        "score": 0
    },
    {
        "user_id": 10851,
        "username": "GotVaccinektu",
        "score": 0
    },
    {
        "user_id": 10719,
        "username": "GotVaccinefnv",
        "score": 0
    },
    {
        "user_id": 10717,
        "username": "Web SK yws",
        "score": 0
    },
    {
        "user_id": 10710,
        "username": "Web SK kyz",
        "score": 0
    },
    {
        "user_id": 11005,
        "username": "Web SK htr",
        "score": 0
    },
    {
        "user_id": 10860,
        "username": "GotVaccinegji",
        "score": 0
    },
    {
        "user_id": 10709,
        "username": "NoCureyrt",
        "score": 0
    },
    {
        "user_id": 10863,
        "username": "WebKal srr",
        "score": 0
    },
    {
        "user_id": 10864,
        "username": "WebKal rbp",
        "score": 0
    },
    {
        "user_id": 10708,
        "username": "Web SK cdx",
        "score": 0
    },
    {
        "user_id": 10705,
        "username": "GotVaccineyaa",
        "score": 0
    },
    {
        "user_id": 10704,
        "username": "NoCurenhy",
        "score": 0
    },
    {
        "user_id": 10869,
        "username": "WebKal kka",
        "score": 0
    },
    {
        "user_id": 10870,
        "username": "WebKal wgk",
        "score": 0
    },
    {
        "user_id": 10703,
        "username": "GotVaccinenvw",
        "score": 0
    },
    {
        "user_id": 10702,
        "username": "NoCurewfo",
        "score": 0
    },
    {
        "user_id": 10701,
        "username": "GotVaccinehwb",
        "score": 0
    },
    {
        "user_id": 10695,
        "username": "Web SK gih",
        "score": 0
    },
    {
        "user_id": 11007,
        "username": "WebKal bnw",
        "score": 0
    },
    {
        "user_id": 10879,
        "username": "GotVaccinewao",
        "score": 0
    },
    {
        "user_id": 10880,
        "username": "GotVaccineknt",
        "score": 0
    },
    {
        "user_id": 10692,
        "username": "Web SK jbi",
        "score": 0
    },
    {
        "user_id": 10691,
        "username": "Web SK bvl",
        "score": 0
    },
    {
        "user_id": 10690,
        "username": "NoCureswa",
        "score": 0
    }
]
]]></system-out>
  </testcase>
  <testcase name="putRequestAPITest" classname="com.apitest.TC01_API_Test" time="0">
    <system-out><![CDATA[APITest: error while performing put request APITest-PutRequestValidation
]]></system-out>
  </testcase>
  <testcase name="validateUpdatedUserThruPutAPITest" classname="com.apitest.TC01_API_Test" time="1.84">
    <system-out><![CDATA[HTTP/1.1 200 OK
Server: Cowboy
Connection: keep-alive
X-Powered-By: Express
Access-Control-Allow-Origin: *
Content-Type: application/json; charset=utf-8
Content-Length: 16785
Etag: W/"4191-5SvTS2lBsacj75xM1G1YPwM/AdI"
Date: Tue, 22 Jun 2021 10:05:25 GMT
Via: 1.1 vegur

[
    {
        "user_id": 10649,
        "username": "Herobgq",
        "score": 5000
    },
    {
        "user_id": 10815,
        "username": "Herocds",
        "score": 5000
    },
    {
        "user_id": 10947,
        "username": "Curerzt",
        "score": 5000
    },
    {
        "user_id": 10946,
        "username": "Herogwi",
        "score": 5000
    },
    {
        "user_id": 10658,
        "username": "Herokug",
        "score": 5000
    },
    {
        "user_id": 10659,
        "username": "Curevuk",
        "score": 5000
    },
    {
        "user_id": 11018,
        "username": "Curejaf",
        "score": 5000
    },
    {
        "user_id": 11017,
        "username": "Herohfb",
        "score": 5000
    },
    {
        "user_id": 10928,
        "username": "Curenrb",
        "score": 5000
    },
    {
        "user_id": 10926,
        "username": "Heroqbt",
        "score": 5000
    },
    {
        "user_id": 10670,
        "username": "Herosse",
        "score": 5000
    },
    {
        "user_id": 10671,
        "username": "Curedma",
        "score": 5000
    },
    {
        "user_id": 10915,
        "username": "Curelzt",
        "score": 5000
    },
    {
        "user_id": 10914,
        "username": "Herourj",
        "score": 5000
    },
    {
        "user_id": 10900,
        "username": "Curesdv",
        "score": 5000
    },
    {
        "user_id": 10899,
        "username": "Herojwd",
        "score": 5000
    },
    {
        "user_id": 10891,
        "username": "Curesqh",
        "score": 5000
    },
    {
        "user_id": 10890,
        "username": "Herogsr",
        "score": 5000
    },
    {
        "user_id": 10883,
        "username": "Cureogc",
        "score": 5000
    },
    {
        "user_id": 10882,
        "username": "Herolef",
        "score": 5000
    },
    {
        "user_id": 10696,
        "username": "Herocws",
        "score": 5000
    },
    {
        "user_id": 10697,
        "username": "Curedxy",
        "score": 5000
    },
    {
        "user_id": 10985,
        "username": "Curerzp",
        "score": 5000
    },
    {
        "user_id": 10984,
        "username": "Herodhi",
        "score": 5000
    },
    {
        "user_id": 10873,
        "username": "Curepkn",
        "score": 5000
    },
    {
        "user_id": 10872,
        "username": "Herofus",
        "score": 5000
    },
    {
        "user_id": 10865,
        "username": "Curehpy",
        "score": 5000
    },
    {
        "user_id": 10862,
        "username": "Heropac",
        "score": 5000
    },
    {
        "user_id": 10713,
        "username": "Heroydo",
        "score": 5000
    },
    {
        "user_id": 10714,
        "username": "Cureznb",
        "score": 5000
    },
    {
        "user_id": 10854,
        "username": "Curesqw",
        "score": 5000
    },
    {
        "user_id": 10853,
        "username": "Herovbz",
        "score": 5000
    },
    {
        "user_id": 10723,
        "username": "Heroont",
        "score": 5000
    },
    {
        "user_id": 10724,
        "username": "Curezbc",
        "score": 5000
    },
    {
        "user_id": 10970,
        "username": "Curengo",
        "score": 5000
    },
    {
        "user_id": 10847,
        "username": "Curevxr",
        "score": 5000
    },
    {
        "user_id": 10846,
        "username": "Heroeay",
        "score": 5000
    },
    {
        "user_id": 10732,
        "username": "Herovtt",
        "score": 5000
    },
    {
        "user_id": 10733,
        "username": "Curecan",
        "score": 5000
    },
    {
        "user_id": 10775,
        "username": "Herojcc",
        "score": 5000
    },
    {
        "user_id": 10839,
        "username": "Curebxp",
        "score": 5000
    },
    {
        "user_id": 10837,
        "username": "Herostv",
        "score": 5000
    },
    {
        "user_id": 10742,
        "username": "Heroona",
        "score": 5000
    },
    {
        "user_id": 10743,
        "username": "Curevmb",
        "score": 5000
    },
    {
        "user_id": 10776,
        "username": "Curefbq",
        "score": 5000
    },
    {
        "user_id": 10831,
        "username": "Curexux",
        "score": 5000
    },
    {
        "user_id": 10830,
        "username": "Heroxzb",
        "score": 5000
    },
    {
        "user_id": 10823,
        "username": "Cureelk",
        "score": 5000
    },
    {
        "user_id": 10752,
        "username": "Herohih",
        "score": 5000
    },
    {
        "user_id": 10753,
        "username": "Cureeve",
        "score": 5000
    },
    {
        "user_id": 10969,
        "username": "Heroziv",
        "score": 5000
    },
    {
        "user_id": 10821,
        "username": "Heroyjy",
        "score": 5000
    },
    {
        "user_id": 10758,
        "username": "Herorte",
        "score": 5000
    },
    {
        "user_id": 10759,
        "username": "Curewwt",
        "score": 5000
    },
    {
        "user_id": 10816,
        "username": "Curebsd",
        "score": 5000
    },
    {
        "user_id": 10765,
        "username": "Heromao",
        "score": 5000
    },
    {
        "user_id": 10766,
        "username": "Curevsf",
        "score": 5000
    },
    {
        "user_id": 10650,
        "username": "Curejro",
        "score": 5000
    },
    {
        "user_id": 10809,
        "username": "Curepik",
        "score": 5000
    },
    {
        "user_id": 10808,
        "username": "Herorvk",
        "score": 5000
    },
    {
        "user_id": 10783,
        "username": "Heroxki",
        "score": 5000
    },
    {
        "user_id": 10784,
        "username": "Curelzv",
        "score": 5000
    },
    {
        "user_id": 10802,
        "username": "Curehxy",
        "score": 5000
    },
    {
        "user_id": 10801,
        "username": "Heromiq",
        "score": 5000
    },
    {
        "user_id": 10792,
        "username": "Heromly",
        "score": 5000
    },
    {
        "user_id": 10794,
        "username": "Curetno",
        "score": 5000
    },
    {
        "user_id": 10672,
        "username": "Vaccineida",
        "score": 3000
    },
    {
        "user_id": 10803,
        "username": "Vaccinebhk",
        "score": 3000
    },
    {
        "user_id": 10986,
        "username": "Vaccinewzl",
        "score": 3000
    },
    {
        "user_id": 10778,
        "username": "Vaccinejzd",
        "score": 3000
    },
    {
        "user_id": 10917,
        "username": "Vaccineogq",
        "score": 3000
    },
    {
        "user_id": 10824,
        "username": "Vaccinenyo",
        "score": 3000
    },
    {
        "user_id": 10848,
        "username": "Vaccinecij",
        "score": 3000
    },
    {
        "user_id": 10795,
        "username": "Vaccineaee",
        "score": 3000
    },
    {
        "user_id": 10904,
        "username": "Vaccinefeb",
        "score": 3000
    },
    {
        "user_id": 10866,
        "username": "Vaccinekuh",
        "score": 3000
    },
    {
        "user_id": 10744,
        "username": "Vaccinehqh",
        "score": 3000
    },
    {
        "user_id": 10840,
        "username": "Vaccinefap",
        "score": 3000
    },
    {
        "user_id": 10892,
        "username": "Vaccineenk",
        "score": 3000
    },
    {
        "user_id": 10725,
        "username": "Vaccineual",
        "score": 3000
    },
    {
        "user_id": 10874,
        "username": "Vaccinecbw",
        "score": 3000
    },
    {
        "user_id": 11019,
        "username": "Vaccineddf",
        "score": 3000
    },
    {
        "user_id": 10884,
        "username": "Vaccinelpc",
        "score": 3000
    },
    {
        "user_id": 10949,
        "username": "Vaccinekut",
        "score": 3000
    },
    {
        "user_id": 10817,
        "username": "Vaccinewfr",
        "score": 3000
    },
    {
        "user_id": 10767,
        "username": "Vaccinerex",
        "score": 3000
    },
    {
        "user_id": 10734,
        "username": "Vaccineseq",
        "score": 3000
    },
    {
        "user_id": 10810,
        "username": "Vaccineqzy",
        "score": 3000
    },
    {
        "user_id": 10855,
        "username": "Vaccinewsk",
        "score": 3000
    },
    {
        "user_id": 10760,
        "username": "Vaccinecym",
        "score": 3000
    },
    {
        "user_id": 10660,
        "username": "Vaccineyoi",
        "score": 3000
    },
    {
        "user_id": 10785,
        "username": "Vaccineyyv",
        "score": 3000
    },
    {
        "user_id": 10715,
        "username": "Vaccinekhy",
        "score": 3000
    },
    {
        "user_id": 10698,
        "username": "Vaccinekam",
        "score": 3000
    },
    {
        "user_id": 10929,
        "username": "Vaccinezrd",
        "score": 3000
    },
    {
        "user_id": 10832,
        "username": "Vaccinezue",
        "score": 3000
    },
    {
        "user_id": 10651,
        "username": "Vaccinekwb",
        "score": 3000
    },
    {
        "user_id": 10971,
        "username": "Vaccinedmi",
        "score": 3000
    },
    {
        "user_id": 10754,
        "username": "Vaccinefpk",
        "score": 3000
    },
    {
        "user_id": 10841,
        "username": "Maskbby",
        "score": 2000
    },
    {
        "user_id": 10779,
        "username": "Maskcmx",
        "score": 2000
    },
    {
        "user_id": 10768,
        "username": "Masksdj",
        "score": 2000
    },
    {
        "user_id": 10786,
        "username": "Maskoiw",
        "score": 2000
    },
    {
        "user_id": 10735,
        "username": "Masknpu",
        "score": 2000
    },
    {
        "user_id": 10867,
        "username": "Maskbkr",
        "score": 2000
    },
    {
        "user_id": 11020,
        "username": "Maskpye",
        "score": 2000
    },
    {
        "user_id": 10858,
        "username": "Maskypd",
        "score": 2000
    },
    {
        "user_id": 10761,
        "username": "Masktgy",
        "score": 2000
    },
    {
        "user_id": 10930,
        "username": "Maskgci",
        "score": 2000
    },
    {
        "user_id": 10972,
        "username": "Maskask",
        "score": 2000
    },
    {
        "user_id": 10987,
        "username": "Masksgk",
        "score": 2000
    },
    {
        "user_id": 10918,
        "username": "Maskopq",
        "score": 2000
    },
    {
        "user_id": 10849,
        "username": "Maskbqn",
        "score": 2000
    },
    {
        "user_id": 10905,
        "username": "Maskrre",
        "score": 2000
    },
    {
        "user_id": 10755,
        "username": "Maskwvf",
        "score": 2000
    },
    {
        "user_id": 10896,
        "username": "Maskmpq",
        "score": 2000
    },
    {
        "user_id": 10726,
        "username": "Maskuqw",
        "score": 2000
    },
    {
        "user_id": 10885,
        "username": "Maskncl",
        "score": 2000
    },
    {
        "user_id": 10745,
        "username": "Maskmkb",
        "score": 2000
    },
    {
        "user_id": 10875,
        "username": "Maskthb",
        "score": 2000
    },
    {
        "user_id": 10950,
        "username": "Masksjz",
        "score": 2000
    },
    {
        "user_id": 10897,
        "username": "Heroklw",
        "score": 1550
    },
    {
        "user_id": 10652,
        "username": "Maskllu",
        "score": 1550
    },
    {
        "user_id": 10653,
        "username": "Heroboh",
        "score": 1550
    },
    {
        "user_id": 10661,
        "username": "Maskrmd",
        "score": 1550
    },
    {
        "user_id": 10664,
        "username": "Herookf",
        "score": 1550
    },
    {
        "user_id": 10673,
        "username": "Maskqtu",
        "score": 1550
    },
    {
        "user_id": 10674,
        "username": "Herodxt",
        "score": 1550
    },
    {
        "user_id": 10699,
        "username": "Maskxzb",
        "score": 1550
    },
    {
        "user_id": 10700,
        "username": "Heroqbe",
        "score": 1550
    },
    {
        "user_id": 10716,
        "username": "Maskrxr",
        "score": 1550
    },
    {
        "user_id": 10718,
        "username": "Heroxbh",
        "score": 1550
    },
    {
        "user_id": 10727,
        "username": "Herowgn",
        "score": 1550
    },
    {
        "user_id": 10737,
        "username": "Herouxt",
        "score": 1550
    },
    {
        "user_id": 10746,
        "username": "Heroohk",
        "score": 1550
    },
    {
        "user_id": 10756,
        "username": "Herouau",
        "score": 1550
    },
    {
        "user_id": 10763,
        "username": "Herowcr",
        "score": 1550
    },
    {
        "user_id": 10769,
        "username": "Heromji",
        "score": 1550
    },
    {
        "user_id": 10780,
        "username": "Heroykn",
        "score": 1550
    },
    {
        "user_id": 10787,
        "username": "Heroktd",
        "score": 1550
    },
    {
        "user_id": 10796,
        "username": "Maskvww",
        "score": 1550
    },
    {
        "user_id": 10797,
        "username": "Herohsc",
        "score": 1550
    },
    {
        "user_id": 10804,
        "username": "Maskkwj",
        "score": 1550
    },
    {
        "user_id": 10805,
        "username": "Herozqe",
        "score": 1550
    },
    {
        "user_id": 10811,
        "username": "Maskpzv",
        "score": 1550
    },
    {
        "user_id": 10812,
        "username": "Heroqvf",
        "score": 1550
    },
    {
        "user_id": 10818,
        "username": "Maskccg",
        "score": 1550
    },
    {
        "user_id": 10819,
        "username": "Herolyp",
        "score": 1550
    },
    {
        "user_id": 10825,
        "username": "Maskuuk",
        "score": 1550
    },
    {
        "user_id": 10826,
        "username": "Herofer",
        "score": 1550
    },
    {
        "user_id": 10833,
        "username": "Maskziv",
        "score": 1550
    },
    {
        "user_id": 10834,
        "username": "Herounx",
        "score": 1550
    },
    {
        "user_id": 10842,
        "username": "Herovju",
        "score": 1550
    },
    {
        "user_id": 10850,
        "username": "Herogyl",
        "score": 1550
    },
    {
        "user_id": 10859,
        "username": "Herowdr",
        "score": 1550
    },
    {
        "user_id": 10868,
        "username": "Heroojb",
        "score": 1550
    },
    {
        "user_id": 10876,
        "username": "Heroxsm",
        "score": 1550
    },
    {
        "user_id": 10886,
        "username": "Herowdc",
        "score": 1550
    },
    {
        "user_id": 10906,
        "username": "Herognn",
        "score": 1550
    },
    {
        "user_id": 10919,
        "username": "Heroizn",
        "score": 1550
    },
    {
        "user_id": 10932,
        "username": "Heroldc",
        "score": 1550
    },
    {
        "user_id": 10951,
        "username": "Herousb",
        "score": 1550
    },
    {
        "user_id": 10973,
        "username": "Heroeha",
        "score": 1550
    },
    {
        "user_id": 10988,
        "username": "Herobnw",
        "score": 1550
    },
    {
        "user_id": 10968,
        "username": "Warrioryrb",
        "score": 1000
    },
    {
        "user_id": 10648,
        "username": "Warriorxto",
        "score": 1000
    },
    {
        "user_id": 10898,
        "username": "Warriorqbx",
        "score": 1000
    },
    {
        "user_id": 10806,
        "username": "Warriorbjt",
        "score": 1000
    },
    {
        "user_id": 10751,
        "username": "Warriorjzp",
        "score": 1000
    },
    {
        "user_id": 10845,
        "username": "Warriorpvi",
        "score": 1000
    },
    {
        "user_id": 10781,
        "username": "Warriorazp",
        "score": 1000
    },
    {
        "user_id": 10861,
        "username": "Warriorixn",
        "score": 1000
    },
    {
        "user_id": 10836,
        "username": "Warriorcjg",
        "score": 1000
    },
    {
        "user_id": 10813,
        "username": "Warriordft",
        "score": 1000
    },
    {
        "user_id": 10945,
        "username": "Warriorrns",
        "score": 1000
    },
    {
        "user_id": 10657,
        "username": "Warriorteo",
        "score": 1000
    },
    {
        "user_id": 10764,
        "username": "Warrioriyl",
        "score": 1000
    },
    {
        "user_id": 10881,
        "username": "Warriorjew",
        "score": 1000
    },
    {
        "user_id": 10829,
        "username": "Warriorfli",
        "score": 1000
    },
    {
        "user_id": 10912,
        "username": "Warriorbcq",
        "score": 1000
    },
    {
        "user_id": 10722,
        "username": "Warrioraev",
        "score": 1000
    },
    {
        "user_id": 10820,
        "username": "Warriorssy",
        "score": 1000
    },
    {
        "user_id": 10757,
        "username": "Warriortyj",
        "score": 1000
    },
    {
        "user_id": 10741,
        "username": "Warriorbkz",
        "score": 1000
    },
    {
        "user_id": 10889,
        "username": "Warrioryzz",
        "score": 1000
    },
    {
        "user_id": 10694,
        "username": "Warriorlro",
        "score": 1000
    },
    {
        "user_id": 10774,
        "username": "Warriorsbn",
        "score": 1000
    },
    {
        "user_id": 11016,
        "username": "Warriorsre",
        "score": 1000
    },
    {
        "user_id": 10852,
        "username": "Warriorxfl",
        "score": 1000
    },
    {
        "user_id": 10925,
        "username": "Warriorqqm",
        "score": 1000
    },
    {
        "user_id": 10669,
        "username": "Warriorktn",
        "score": 1000
    },
    {
        "user_id": 10983,
        "username": "Warriorhzo",
        "score": 1000
    },
    {
        "user_id": 10731,
        "username": "Warriorvta",
        "score": 1000
    },
    {
        "user_id": 10791,
        "username": "Warriorqyt",
        "score": 1000
    },
    {
        "user_id": 10871,
        "username": "Warriortom",
        "score": 1000
    },
    {
        "user_id": 10799,
        "username": "Warriorgua",
        "score": 1000
    },
    {
        "user_id": 10711,
        "username": "Warriorrop",
        "score": 1000
    },
    {
        "user_id": 10636,
        "username": "lee",
        "score": 680
    },
    {
        "user_id": 10644,
        "username": "mask3",
        "score": 290
    },
    {
        "user_id": 10637,
        "username": "1a1adc",
        "score": 100
    },
    {
        "user_id": 10642,
        "username": "d5bc4b",
        "score": 100
    },
    {
        "user_id": 10979,
        "username": "WebKal gwt",
        "score": 100
    },
    {
        "user_id": 10856,
        "username": "StartingTest",
        "score": 100
    },
    {
        "user_id": 10641,
        "username": "3fg79j",
        "score": 100
    },
    {
        "user_id": 10996,
        "username": "WebKal hop",
        "score": 100
    },
    {
        "user_id": 10640,
        "username": "ga07ii",
        "score": 100
    },
    {
        "user_id": 10638,
        "username": "3ff87a",
        "score": 100
    },
    {
        "user_id": 10643,
        "username": "ac8af2",
        "score": 100
    },
    {
        "user_id": 10634,
        "username": "guest",
        "score": 100
    },
    {
        "user_id": 11011,
        "username": "GotVaccineusa",
        "score": 0
    },
    {
        "user_id": 10888,
        "username": "GotVaccineyca",
        "score": 0
    },
    {
        "user_id": 10689,
        "username": "NoCurebcu",
        "score": 0
    },
    {
        "user_id": 10688,
        "username": "GotVaccinendx",
        "score": 0
    },
    {
        "user_id": 10687,
        "username": "GotVaccineydr",
        "score": 0
    },
    {
        "user_id": 10894,
        "username": "WebKal feh",
        "score": 0
    },
    {
        "user_id": 10686,
        "username": "GotVaccinewvb",
        "score": 0
    },
    {
        "user_id": 10635,
        "username": "c9c7af",
        "score": 0
    },
    {
        "user_id": 10684,
        "username": "Web SK emt",
        "score": 0
    },
    {
        "user_id": 10682,
        "username": "Web SK cpn",
        "score": 0
    },
    {
        "user_id": 10903,
        "username": "WebKal xms",
        "score": 0
    },
    {
        "user_id": 10681,
        "username": "NoCurequu",
        "score": 0
    },
    {
        "user_id": 10680,
        "username": "NoCuresky",
        "score": 0
    },
    {
        "user_id": 11012,
        "username": "GotVaccinedfx",
        "score": 0
    },
    {
        "user_id": 10908,
        "username": "GotVaccinegzw",
        "score": 0
    },
    {
        "user_id": 10909,
        "username": "GotVaccinekti",
        "score": 0
    },
    {
        "user_id": 10913,
        "username": "WebKal vzj",
        "score": 0
    },
    {
        "user_id": 10678,
        "username": "GotVaccinexet",
        "score": 0
    },
    {
        "user_id": 10677,
        "username": "GotVaccinepus",
        "score": 0
    },
    {
        "user_id": 10676,
        "username": "NoCuresue",
        "score": 0
    },
    {
        "user_id": 10675,
        "username": "GotVaccinenmz",
        "score": 0
    },
    {
        "user_id": 10920,
        "username": "GotVaccineufi",
        "score": 0
    },
    {
        "user_id": 10923,
        "username": "WebKal mhk",
        "score": 0
    },
    {
        "user_id": 10668,
        "username": "Web SK pvc",
        "score": 0
    },
    {
        "user_id": 10666,
        "username": "Web SK mhf",
        "score": 0
    },
    {
        "user_id": 10665,
        "username": "Web SK obq",
        "score": 0
    },
    {
        "user_id": 10639,
        "username": "e97845",
        "score": 0
    },
    {
        "user_id": 10935,
        "username": "GotVaccinenso",
        "score": 0
    },
    {
        "user_id": 10936,
        "username": "NoCuregpw",
        "score": 0
    },
    {
        "user_id": 10937,
        "username": "GotVaccinekdc",
        "score": 0
    },
    {
        "user_id": 10938,
        "username": "NoCureobz",
        "score": 0
    },
    {
        "user_id": 10942,
        "username": "Web SK pgp",
        "score": 0
    },
    {
        "user_id": 10944,
        "username": "WebKal ssj",
        "score": 0
    },
    {
        "user_id": 10656,
        "username": "Web SK gvv",
        "score": 0
    },
    {
        "user_id": 10655,
        "username": "Web SK zfx",
        "score": 0
    },
    {
        "user_id": 10953,
        "username": "GotVaccineaxg",
        "score": 0
    },
    {
        "user_id": 10954,
        "username": "GotVaccinekzx",
        "score": 0
    },
    {
        "user_id": 10958,
        "username": "GotVaccinetbl",
        "score": 0
    },
    {
        "user_id": 10959,
        "username": "GotVaccineawg",
        "score": 0
    },
    {
        "user_id": 10964,
        "username": "WebKal wvd",
        "score": 0
    },
    {
        "user_id": 10965,
        "username": "GotVaccinecsg",
        "score": 0
    },
    {
        "user_id": 10966,
        "username": "GotVaccineiyi",
        "score": 0
    },
    {
        "user_id": 10773,
        "username": "Web SK tcr",
        "score": 0
    },
    {
        "user_id": 10771,
        "username": "NoCurefeo",
        "score": 0
    },
    {
        "user_id": 10974,
        "username": "GotVaccineyru",
        "score": 0
    },
    {
        "user_id": 10980,
        "username": "GotVaccineaic",
        "score": 0
    },
    {
        "user_id": 10982,
        "username": "GotVaccinevig",
        "score": 0
    },
    {
        "user_id": 10793,
        "username": "GotVaccinemkvGotVaccineohf",
        "score": 0
    },
    {
        "user_id": 10798,
        "username": "GotVaccineiaiGotVaccinedov",
        "score": 0
    },
    {
        "user_id": 10800,
        "username": "GotVaccinexzdGotVaccineula",
        "score": 0
    },
    {
        "user_id": 10790,
        "username": "GotVaccinegks",
        "score": 0
    },
    {
        "user_id": 10789,
        "username": "GotVaccineaacGotVaccinezmd",
        "score": 0
    },
    {
        "user_id": 10788,
        "username": "GotVaccineljuGotVaccineowi",
        "score": 0
    },
    {
        "user_id": 10807,
        "username": "GotVaccinevjxGotVaccinemjm",
        "score": 0
    },
    {
        "user_id": 10782,
        "username": "GotVaccinegrmGotVaccineqis",
        "score": 0
    },
    {
        "user_id": 10777,
        "username": "GotVaccinezfgGotVaccineyfx",
        "score": 0
    },
    {
        "user_id": 10989,
        "username": "GotVaccinenjq",
        "score": 0
    },
    {
        "user_id": 10814,
        "username": "GotVaccineszwGotVaccineatn",
        "score": 0
    },
    {
        "user_id": 10770,
        "username": "GotVaccineqwi",
        "score": 0
    },
    {
        "user_id": 10990,
        "username": "NoCurexvp",
        "score": 0
    },
    {
        "user_id": 10762,
        "username": "GotVaccineggy",
        "score": 0
    },
    {
        "user_id": 10822,
        "username": "GotVaccineqwfGotVaccinefkz",
        "score": 0
    },
    {
        "user_id": 10750,
        "username": "Web SK vmp",
        "score": 0
    },
    {
        "user_id": 10997,
        "username": "GotVaccinegfu",
        "score": 0
    },
    {
        "user_id": 10998,
        "username": "NoCurezxc",
        "score": 0
    },
    {
        "user_id": 10827,
        "username": "abc123",
        "score": 0
    },
    {
        "user_id": 10748,
        "username": "NoCureowu",
        "score": 0
    },
    {
        "user_id": 10747,
        "username": "GotVaccinecyd",
        "score": 0
    },
    {
        "user_id": 11000,
        "username": "Web SK irn",
        "score": 0
    },
    {
        "user_id": 10835,
        "username": "mask35",
        "score": 0
    },
    {
        "user_id": 10740,
        "username": "Web SK aux",
        "score": 0
    },
    {
        "user_id": 10838,
        "username": "WebKal fqhWebKal wdt",
        "score": 0
    },
    {
        "user_id": 10738,
        "username": "NoCurejdj",
        "score": 0
    },
    {
        "user_id": 10736,
        "username": "GotVaccinekyd",
        "score": 0
    },
    {
        "user_id": 11002,
        "username": "GotVaccinemcj",
        "score": 0
    },
    {
        "user_id": 10843,
        "username": "GotVaccineiku",
        "score": 0
    },
    {
        "user_id": 10844,
        "username": "StartingTestStartingTest",
        "score": 0
    },
    {
        "user_id": 10729,
        "username": "NoCurechz",
        "score": 0
    },
    {
        "user_id": 10728,
        "username": "GotVaccineyie",
        "score": 0
    },
    {
        "user_id": 10720,
        "username": "NoCureibx",
        "score": 0
    },
    {
        "user_id": 11003,
        "username": "NoCureluv",
        "score": 0
    },
    {
        "user_id": 10851,
        "username": "GotVaccinektu",
        "score": 0
    },
    {
        "user_id": 10719,
        "username": "GotVaccinefnv",
        "score": 0
    },
    {
        "user_id": 10717,
        "username": "Web SK yws",
        "score": 0
    },
    {
        "user_id": 10710,
        "username": "Web SK kyz",
        "score": 0
    },
    {
        "user_id": 11005,
        "username": "Web SK htr",
        "score": 0
    },
    {
        "user_id": 10860,
        "username": "GotVaccinegji",
        "score": 0
    },
    {
        "user_id": 10709,
        "username": "NoCureyrt",
        "score": 0
    },
    {
        "user_id": 10863,
        "username": "WebKal srr",
        "score": 0
    },
    {
        "user_id": 10864,
        "username": "WebKal rbp",
        "score": 0
    },
    {
        "user_id": 10708,
        "username": "Web SK cdx",
        "score": 0
    },
    {
        "user_id": 10705,
        "username": "GotVaccineyaa",
        "score": 0
    },
    {
        "user_id": 10704,
        "username": "NoCurenhy",
        "score": 0
    },
    {
        "user_id": 10869,
        "username": "WebKal kka",
        "score": 0
    },
    {
        "user_id": 10870,
        "username": "WebKal wgk",
        "score": 0
    },
    {
        "user_id": 10703,
        "username": "GotVaccinenvw",
        "score": 0
    },
    {
        "user_id": 10702,
        "username": "NoCurewfo",
        "score": 0
    },
    {
        "user_id": 10701,
        "username": "GotVaccinehwb",
        "score": 0
    },
    {
        "user_id": 10695,
        "username": "Web SK gih",
        "score": 0
    },
    {
        "user_id": 11007,
        "username": "WebKal bnw",
        "score": 0
    },
    {
        "user_id": 10879,
        "username": "GotVaccinewao",
        "score": 0
    },
    {
        "user_id": 10880,
        "username": "GotVaccineknt",
        "score": 0
    },
    {
        "user_id": 10692,
        "username": "Web SK jbi",
        "score": 0
    },
    {
        "user_id": 10691,
        "username": "Web SK bvl",
        "score": 0
    },
    {
        "user_id": 10690,
        "username": "NoCureswa",
        "score": 0
    }
]
]]></system-out>
  </testcase>
  <testcase name="putRequestToCreateDataAPITest" classname="com.apitest.TC01_API_Test" time="1.404"/>
  <testcase name="blankDeleteKeyRequestAPITest" classname="com.apitest.TC01_API_Test" time="1.239"/>
  <testcase name="incorrectDeleteKeyRequestAPITest" classname="com.apitest.TC01_API_Test" time="1.249"/>
</testsuite>