<?xml version="1.0" encoding="UTF-8"?>
<testng-results ignored="36" total="63" passed="26" failed="1" skipped="0">
  <reporter-output>
  </reporter-output>
  <suite started-at="2021-06-22T22:21:18 AEST" name="Suite" finished-at="2021-06-22T22:27:56 AEST" duration-ms="397328">
    <groups>
      <group name="web">
        <method signature="TC01_WelcomePage.verifyStartJourneyOfAHero()[pri:5, instance:webtests.TC01_WelcomePage@3c19aaa5]" name="verifyStartJourneyOfAHero" class="webtests.TC01_WelcomePage"/>
        <method signature="TC01_WelcomePage.verifyWelcomePageTitle()[pri:1, instance:webtests.TC01_WelcomePage@3c19aaa5]" name="verifyWelcomePageTitle" class="webtests.TC01_WelcomePage"/>
        <method signature="TC02_HomePage.verifyAllBattleFieldsPresent()[pri:2, instance:webtests.TC02_HomePage@799f10e1]" name="verifyAllBattleFieldsPresent" class="webtests.TC02_HomePage"/>
        <method signature="TC02_HomePage.verifyBattleFieldGoToOfficeCanBeAccessed()[pri:6, instance:webtests.TC02_HomePage@799f10e1]" name="verifyBattleFieldGoToOfficeCanBeAccessed" class="webtests.TC02_HomePage"/>
        <method signature="TC02_HomePage.verifyBattleFieldGoToPublicPlaceCanBeAccessed()[pri:5, instance:webtests.TC02_HomePage@799f10e1]" name="verifyBattleFieldGoToPublicPlaceCanBeAccessed" class="webtests.TC02_HomePage"/>
        <method signature="TC02_HomePage.verifyBattleFieldTakeTheBusCanBeAccessed()[pri:4, instance:webtests.TC02_HomePage@799f10e1]" name="verifyBattleFieldTakeTheBusCanBeAccessed" class="webtests.TC02_HomePage"/>
        <method signature="TC02_HomePage.verifyHomePageHeader()[pri:1, instance:webtests.TC02_HomePage@799f10e1]" name="verifyHomePageHeader" class="webtests.TC02_HomePage"/>
        <method signature="TC01_WelcomePage.verifyStartJourneyOfAHero()[pri:5, instance:webtests.TC01_WelcomePage@175c2241]" name="verifyStartJourneyOfAHero" class="webtests.TC01_WelcomePage"/>
        <method signature="TC01_WelcomePage.verifyWelcomePageTitle()[pri:1, instance:webtests.TC01_WelcomePage@175c2241]" name="verifyWelcomePageTitle" class="webtests.TC01_WelcomePage"/>
        <method signature="TC02_HomePage.verifyAllBattleFieldsPresent()[pri:2, instance:webtests.TC02_HomePage@5bf0d49]" name="verifyAllBattleFieldsPresent" class="webtests.TC02_HomePage"/>
        <method signature="TC02_HomePage.verifyBattleFieldGoToOfficeCanBeAccessed()[pri:6, instance:webtests.TC02_HomePage@5bf0d49]" name="verifyBattleFieldGoToOfficeCanBeAccessed" class="webtests.TC02_HomePage"/>
        <method signature="TC02_HomePage.verifyBattleFieldGoToPublicPlaceCanBeAccessed()[pri:5, instance:webtests.TC02_HomePage@5bf0d49]" name="verifyBattleFieldGoToPublicPlaceCanBeAccessed" class="webtests.TC02_HomePage"/>
        <method signature="TC02_HomePage.verifyBattleFieldTakeTheBusCanBeAccessed()[pri:4, instance:webtests.TC02_HomePage@5bf0d49]" name="verifyBattleFieldTakeTheBusCanBeAccessed" class="webtests.TC02_HomePage"/>
        <method signature="TC02_HomePage.verifyHomePageHeader()[pri:1, instance:webtests.TC02_HomePage@5bf0d49]" name="verifyHomePageHeader" class="webtests.TC02_HomePage"/>
        <method signature="TC06_LeaderBoard.answerSingleQAndCheckLeaderBoard()[pri:1, instance:webtests.TC06_LeaderBoard@36ebc363]" name="answerSingleQAndCheckLeaderBoard" class="webtests.TC06_LeaderBoard"/>
      </group> <!-- web -->
      <group name="regression">
        <method signature="TC06_LeaderBoard.answerSingleQAndCheckLeaderBoard()[pri:1, instance:webtests.TC06_LeaderBoard@36ebc363]" name="answerSingleQAndCheckLeaderBoard" class="webtests.TC06_LeaderBoard"/>
        <method signature="TC01_API_Test.blankDeleteKeyRequestAPITest()[pri:7, instance:com.apitest.TC01_API_Test@1165b38]" name="blankDeleteKeyRequestAPITest" class="com.apitest.TC01_API_Test"/>
        <method signature="TC01_API_Test.getRequestAPITest()[pri:1, instance:com.apitest.TC01_API_Test@1165b38]" name="getRequestAPITest" class="com.apitest.TC01_API_Test"/>
        <method signature="TC01_API_Test.incorrectDeleteKeyRequestAPITest()[pri:8, instance:com.apitest.TC01_API_Test@1165b38]" name="incorrectDeleteKeyRequestAPITest" class="com.apitest.TC01_API_Test"/>
        <method signature="TC01_API_Test.postRequestAPITest(java.lang.String,double)[pri:2, instance:com.apitest.TC01_API_Test@1165b38]" name="postRequestAPITest" class="com.apitest.TC01_API_Test"/>
        <method signature="TC01_API_Test.putRequestAPITest()[pri:4, instance:com.apitest.TC01_API_Test@1165b38]" name="putRequestAPITest" class="com.apitest.TC01_API_Test"/>
        <method signature="TC01_API_Test.putRequestToCreateDataAPITest()[pri:6, instance:com.apitest.TC01_API_Test@1165b38]" name="putRequestToCreateDataAPITest" class="com.apitest.TC01_API_Test"/>
        <method signature="TC01_API_Test.validateCreatedUserThruPostAPITest()[pri:3, instance:com.apitest.TC01_API_Test@1165b38]" name="validateCreatedUserThruPostAPITest" class="com.apitest.TC01_API_Test"/>
        <method signature="TC01_API_Test.validateUpdatedUserThruPutAPITest()[pri:5, instance:com.apitest.TC01_API_Test@1165b38]" name="validateUpdatedUserThruPutAPITest" class="com.apitest.TC01_API_Test"/>
      </group> <!-- regression -->
      <group name="smoke">
        <method signature="TC01_WelcomePage.verifyStartJourneyOfAHero()[pri:5, instance:webtests.TC01_WelcomePage@3c19aaa5]" name="verifyStartJourneyOfAHero" class="webtests.TC01_WelcomePage"/>
        <method signature="TC01_WelcomePage.verifyWelcomePageTitle()[pri:1, instance:webtests.TC01_WelcomePage@3c19aaa5]" name="verifyWelcomePageTitle" class="webtests.TC01_WelcomePage"/>
        <method signature="TC02_HomePage.verifyAllBattleFieldsPresent()[pri:2, instance:webtests.TC02_HomePage@799f10e1]" name="verifyAllBattleFieldsPresent" class="webtests.TC02_HomePage"/>
        <method signature="TC02_HomePage.verifyBattleFieldGoToOfficeCanBeAccessed()[pri:6, instance:webtests.TC02_HomePage@799f10e1]" name="verifyBattleFieldGoToOfficeCanBeAccessed" class="webtests.TC02_HomePage"/>
        <method signature="TC02_HomePage.verifyBattleFieldGoToPublicPlaceCanBeAccessed()[pri:5, instance:webtests.TC02_HomePage@799f10e1]" name="verifyBattleFieldGoToPublicPlaceCanBeAccessed" class="webtests.TC02_HomePage"/>
        <method signature="TC02_HomePage.verifyBattleFieldTakeTheBusCanBeAccessed()[pri:4, instance:webtests.TC02_HomePage@799f10e1]" name="verifyBattleFieldTakeTheBusCanBeAccessed" class="webtests.TC02_HomePage"/>
        <method signature="TC02_HomePage.verifyHomePageHeader()[pri:1, instance:webtests.TC02_HomePage@799f10e1]" name="verifyHomePageHeader" class="webtests.TC02_HomePage"/>
        <method signature="TC01_WelcomePage.verifyStartJourneyOfAHero()[pri:5, instance:webtests.TC01_WelcomePage@175c2241]" name="verifyStartJourneyOfAHero" class="webtests.TC01_WelcomePage"/>
        <method signature="TC01_WelcomePage.verifyWelcomePageTitle()[pri:1, instance:webtests.TC01_WelcomePage@175c2241]" name="verifyWelcomePageTitle" class="webtests.TC01_WelcomePage"/>
        <method signature="TC02_HomePage.verifyAllBattleFieldsPresent()[pri:2, instance:webtests.TC02_HomePage@5bf0d49]" name="verifyAllBattleFieldsPresent" class="webtests.TC02_HomePage"/>
        <method signature="TC02_HomePage.verifyBattleFieldGoToOfficeCanBeAccessed()[pri:6, instance:webtests.TC02_HomePage@5bf0d49]" name="verifyBattleFieldGoToOfficeCanBeAccessed" class="webtests.TC02_HomePage"/>
        <method signature="TC02_HomePage.verifyBattleFieldGoToPublicPlaceCanBeAccessed()[pri:5, instance:webtests.TC02_HomePage@5bf0d49]" name="verifyBattleFieldGoToPublicPlaceCanBeAccessed" class="webtests.TC02_HomePage"/>
        <method signature="TC02_HomePage.verifyBattleFieldTakeTheBusCanBeAccessed()[pri:4, instance:webtests.TC02_HomePage@5bf0d49]" name="verifyBattleFieldTakeTheBusCanBeAccessed" class="webtests.TC02_HomePage"/>
        <method signature="TC02_HomePage.verifyHomePageHeader()[pri:1, instance:webtests.TC02_HomePage@5bf0d49]" name="verifyHomePageHeader" class="webtests.TC02_HomePage"/>
      </group> <!-- smoke -->
      <group name="api">
        <method signature="TC01_API_Test.blankDeleteKeyRequestAPITest()[pri:7, instance:com.apitest.TC01_API_Test@1165b38]" name="blankDeleteKeyRequestAPITest" class="com.apitest.TC01_API_Test"/>
        <method signature="TC01_API_Test.getRequestAPITest()[pri:1, instance:com.apitest.TC01_API_Test@1165b38]" name="getRequestAPITest" class="com.apitest.TC01_API_Test"/>
        <method signature="TC01_API_Test.incorrectDeleteKeyRequestAPITest()[pri:8, instance:com.apitest.TC01_API_Test@1165b38]" name="incorrectDeleteKeyRequestAPITest" class="com.apitest.TC01_API_Test"/>
        <method signature="TC01_API_Test.postRequestAPITest(java.lang.String,double)[pri:2, instance:com.apitest.TC01_API_Test@1165b38]" name="postRequestAPITest" class="com.apitest.TC01_API_Test"/>
        <method signature="TC01_API_Test.putRequestAPITest()[pri:4, instance:com.apitest.TC01_API_Test@1165b38]" name="putRequestAPITest" class="com.apitest.TC01_API_Test"/>
        <method signature="TC01_API_Test.putRequestToCreateDataAPITest()[pri:6, instance:com.apitest.TC01_API_Test@1165b38]" name="putRequestToCreateDataAPITest" class="com.apitest.TC01_API_Test"/>
        <method signature="TC01_API_Test.validateCreatedUserThruPostAPITest()[pri:3, instance:com.apitest.TC01_API_Test@1165b38]" name="validateCreatedUserThruPostAPITest" class="com.apitest.TC01_API_Test"/>
        <method signature="TC01_API_Test.validateUpdatedUserThruPutAPITest()[pri:5, instance:com.apitest.TC01_API_Test@1165b38]" name="validateUpdatedUserThruPutAPITest" class="com.apitest.TC01_API_Test"/>
      </group> <!-- api -->
    </groups>
    <test started-at="2021-06-22T22:21:18 AEST" name="APITest" finished-at="2021-06-22T22:21:46 AEST" duration-ms="28002">
      <class name="com.apitest.TC01_API_Test">
        <test-method signature="getRequestAPITest()[pri:1, instance:com.apitest.TC01_API_Test@1165b38]" started-at="2021-06-22T22:21:19 AEST" name="getRequestAPITest" finished-at="2021-06-22T22:21:24 AEST" duration-ms="5555" status="PASS">
          <reporter-output>
          </reporter-output>
        </test-method> <!-- getRequestAPITest -->
        <test-method signature="postRequestAPITest(java.lang.String,double)[pri:2, instance:com.apitest.TC01_API_Test@1165b38]" started-at="2021-06-22T22:21:25 AEST" name="postRequestAPITest" data-provider="getTestData" finished-at="2021-06-22T22:21:28 AEST" duration-ms="2716" status="PASS">
          <params>
            <param index="0">
              <value>
                <![CDATA[Warrior]]>
              </value>
            </param>
            <param index="1">
              <value>
                <![CDATA[1000.0]]>
              </value>
            </param>
          </params>
          <reporter-output>
          </reporter-output>
        </test-method> <!-- postRequestAPITest -->
        <test-method signature="postRequestAPITest(java.lang.String,double)[pri:2, instance:com.apitest.TC01_API_Test@1165b38]" started-at="2021-06-22T22:21:28 AEST" name="postRequestAPITest" data-provider="getTestData" finished-at="2021-06-22T22:21:30 AEST" duration-ms="2085" status="PASS">
          <params>
            <param index="0">
              <value>
                <![CDATA[Hero]]>
              </value>
            </param>
            <param index="1">
              <value>
                <![CDATA[5000.0]]>
              </value>
            </param>
          </params>
          <reporter-output>
          </reporter-output>
        </test-method> <!-- postRequestAPITest -->
        <test-method signature="postRequestAPITest(java.lang.String,double)[pri:2, instance:com.apitest.TC01_API_Test@1165b38]" started-at="2021-06-22T22:21:30 AEST" name="postRequestAPITest" data-provider="getTestData" finished-at="2021-06-22T22:21:33 AEST" duration-ms="2950" status="PASS">
          <params>
            <param index="0">
              <value>
                <![CDATA[Cure]]>
              </value>
            </param>
            <param index="1">
              <value>
                <![CDATA[5000.0]]>
              </value>
            </param>
          </params>
          <reporter-output>
          </reporter-output>
        </test-method> <!-- postRequestAPITest -->
        <test-method signature="postRequestAPITest(java.lang.String,double)[pri:2, instance:com.apitest.TC01_API_Test@1165b38]" started-at="2021-06-22T22:21:33 AEST" name="postRequestAPITest" data-provider="getTestData" finished-at="2021-06-22T22:21:35 AEST" duration-ms="1802" status="PASS">
          <params>
            <param index="0">
              <value>
                <![CDATA[Vaccine]]>
              </value>
            </param>
            <param index="1">
              <value>
                <![CDATA[3000.0]]>
              </value>
            </param>
          </params>
          <reporter-output>
          </reporter-output>
        </test-method> <!-- postRequestAPITest -->
        <test-method signature="postRequestAPITest(java.lang.String,double)[pri:2, instance:com.apitest.TC01_API_Test@1165b38]" started-at="2021-06-22T22:21:35 AEST" name="postRequestAPITest" data-provider="getTestData" finished-at="2021-06-22T22:21:36 AEST" duration-ms="1726" status="PASS">
          <params>
            <param index="0">
              <value>
                <![CDATA[Mask]]>
              </value>
            </param>
            <param index="1">
              <value>
                <![CDATA[2000.0]]>
              </value>
            </param>
          </params>
          <reporter-output>
          </reporter-output>
        </test-method> <!-- postRequestAPITest -->
        <test-method signature="validateCreatedUserThruPostAPITest()[pri:3, instance:com.apitest.TC01_API_Test@1165b38]" started-at="2021-06-22T22:21:36 AEST" name="validateCreatedUserThruPostAPITest" finished-at="2021-06-22T22:21:39 AEST" duration-ms="2243" status="PASS">
          <reporter-output>
          </reporter-output>
        </test-method> <!-- validateCreatedUserThruPostAPITest -->
        <test-method signature="putRequestAPITest()[pri:4, instance:com.apitest.TC01_API_Test@1165b38]" started-at="2021-06-22T22:21:39 AEST" name="putRequestAPITest" finished-at="2021-06-22T22:21:39 AEST" duration-ms="23" status="PASS">
          <reporter-output>
          </reporter-output>
        </test-method> <!-- putRequestAPITest -->
        <test-method signature="validateUpdatedUserThruPutAPITest()[pri:5, instance:com.apitest.TC01_API_Test@1165b38]" started-at="2021-06-22T22:21:39 AEST" name="validateUpdatedUserThruPutAPITest" finished-at="2021-06-22T22:21:41 AEST" duration-ms="1969" status="PASS">
          <reporter-output>
          </reporter-output>
        </test-method> <!-- validateUpdatedUserThruPutAPITest -->
        <test-method signature="putRequestToCreateDataAPITest()[pri:6, instance:com.apitest.TC01_API_Test@1165b38]" started-at="2021-06-22T22:21:41 AEST" name="putRequestToCreateDataAPITest" finished-at="2021-06-22T22:21:43 AEST" duration-ms="2420" status="PASS">
          <reporter-output>
          </reporter-output>
        </test-method> <!-- putRequestToCreateDataAPITest -->
        <test-method signature="blankDeleteKeyRequestAPITest()[pri:7, instance:com.apitest.TC01_API_Test@1165b38]" started-at="2021-06-22T22:21:43 AEST" name="blankDeleteKeyRequestAPITest" finished-at="2021-06-22T22:21:45 AEST" duration-ms="1754" status="PASS">
          <reporter-output>
          </reporter-output>
        </test-method> <!-- blankDeleteKeyRequestAPITest -->
        <test-method signature="incorrectDeleteKeyRequestAPITest()[pri:8, instance:com.apitest.TC01_API_Test@1165b38]" started-at="2021-06-22T22:21:45 AEST" name="incorrectDeleteKeyRequestAPITest" finished-at="2021-06-22T22:21:46 AEST" duration-ms="1395" status="PASS">
          <reporter-output>
          </reporter-output>
        </test-method> <!-- incorrectDeleteKeyRequestAPITest -->
      </class> <!-- com.apitest.TC01_API_Test -->
    </test> <!-- APITest -->
    <test started-at="2021-06-22T22:21:18 AEST" name="WebEdgeTest" finished-at="2021-06-22T22:22:30 AEST" duration-ms="71906">
      <class name="webtests.TC06_LeaderBoard">
        <test-method is-config="true" signature="browserSetup(java.lang.String)[pri:0, instance:webtests.TC06_LeaderBoard@36ebc363]" started-at="2021-06-22T22:21:19 AEST" name="browserSetup" finished-at="2021-06-22T22:21:27 AEST" duration-ms="8111" status="PASS">
          <params>
            <param index="0">
              <value>
                <![CDATA[Edge]]>
              </value>
            </param>
          </params>
          <reporter-output>
          </reporter-output>
        </test-method> <!-- browserSetup -->
        <test-method signature="answerSingleQAndCheckLeaderBoard()[pri:1, instance:webtests.TC06_LeaderBoard@36ebc363]" started-at="2021-06-22T22:21:27 AEST" name="answerSingleQAndCheckLeaderBoard" finished-at="2021-06-22T22:22:30 AEST" duration-ms="63517" status="PASS">
          <reporter-output>
          </reporter-output>
        </test-method> <!-- answerSingleQAndCheckLeaderBoard -->
      </class> <!-- webtests.TC06_LeaderBoard -->
    </test> <!-- WebEdgeTest -->
    <test started-at="2021-06-22T22:21:18 AEST" name="WebFirefoxTest" finished-at="2021-06-22T22:26:56 AEST" duration-ms="337901">
      <class name="webtests.TC01_WelcomePage">
        <test-method is-config="true" signature="browserSetup(java.lang.String)[pri:0, instance:webtests.TC01_WelcomePage@175c2241]" started-at="2021-06-22T22:22:31 AEST" name="browserSetup" finished-at="2021-06-22T22:22:39 AEST" duration-ms="8580" status="PASS">
          <params>
            <param index="0">
              <value>
                <![CDATA[Firefox]]>
              </value>
            </param>
          </params>
          <reporter-output>
          </reporter-output>
        </test-method> <!-- browserSetup -->
        <test-method signature="verifyWelcomePageTitle()[pri:1, instance:webtests.TC01_WelcomePage@175c2241]" started-at="2021-06-22T22:22:39 AEST" name="verifyWelcomePageTitle" finished-at="2021-06-22T22:22:39 AEST" duration-ms="67" status="PASS">
          <reporter-output>
          </reporter-output>
        </test-method> <!-- verifyWelcomePageTitle -->
        <test-method signature="verifyStartJourneyOfAHero()[pri:5, instance:webtests.TC01_WelcomePage@175c2241]" started-at="2021-06-22T22:25:40 AEST" name="verifyStartJourneyOfAHero" finished-at="2021-06-22T22:25:55 AEST" duration-ms="15447" status="FAIL">
          <exception class="java.lang.AssertionError">
            <message>
              <![CDATA[expected [Choose your battle field Web SK cmd] but found [Choose your battle field Web SK zsj]]]>
            </message>
            <full-stacktrace>
              <![CDATA[java.lang.AssertionError: expected [Choose your battle field Web SK cmd] but found [Choose your battle field Web SK zsj]
at org.testng.Assert.fail(Assert.java:99)
at org.testng.Assert.failNotEquals(Assert.java:1037)
at org.testng.Assert.assertEqualsImpl(Assert.java:140)
at org.testng.Assert.assertEquals(Assert.java:122)
at org.testng.Assert.assertEquals(Assert.java:629)
at org.testng.Assert.assertEquals(Assert.java:639)
at webtests.TC01_WelcomePage.verifyStartJourneyOfAHero(TC01_WelcomePage.java:131)
at java.base/jdk.internal.reflect.NativeMethodAccessorImpl.invoke0(Native Method)
at java.base/jdk.internal.reflect.NativeMethodAccessorImpl.invoke(NativeMethodAccessorImpl.java:64)
at java.base/jdk.internal.reflect.DelegatingMethodAccessorImpl.invoke(DelegatingMethodAccessorImpl.java:43)
at java.base/java.lang.reflect.Method.invoke(Method.java:564)
at org.testng.internal.MethodInvocationHelper.invokeMethod(MethodInvocationHelper.java:133)
at org.testng.internal.TestInvoker.invokeMethod(TestInvoker.java:598)
at org.testng.internal.TestInvoker.invokeTestMethod(TestInvoker.java:173)
at org.testng.internal.MethodRunner.runInSequence(MethodRunner.java:46)
at org.testng.internal.TestInvoker$MethodInvocationAgent.invoke(TestInvoker.java:824)
at org.testng.internal.TestInvoker.invokeTestMethods(TestInvoker.java:146)
at org.testng.internal.TestMethodWorker.invokeTestMethods(TestMethodWorker.java:146)
at org.testng.internal.TestMethodWorker.run(TestMethodWorker.java:128)
at java.base/java.util.ArrayList.forEach(ArrayList.java:1511)
at org.testng.TestRunner.privateRun(TestRunner.java:794)
at org.testng.TestRunner.run(TestRunner.java:596)
at org.testng.SuiteRunner.runTest(SuiteRunner.java:377)
at org.testng.SuiteRunner.access$000(SuiteRunner.java:28)
at org.testng.SuiteRunner$SuiteWorker.run(SuiteRunner.java:418)
at org.testng.internal.thread.ThreadUtil.lambda$execute$0(ThreadUtil.java:64)
at java.base/java.util.concurrent.FutureTask.run(FutureTask.java:264)
at java.base/java.util.concurrent.ThreadPoolExecutor.runWorker(ThreadPoolExecutor.java:1130)
at java.base/java.util.concurrent.ThreadPoolExecutor$Worker.run(ThreadPoolExecutor.java:630)
at java.base/java.lang.Thread.run(Thread.java:832)
]]>
            </full-stacktrace>
          </exception> <!-- java.lang.AssertionError -->
          <reporter-output>
          </reporter-output>
        </test-method> <!-- verifyStartJourneyOfAHero -->
      </class> <!-- webtests.TC01_WelcomePage -->
      <class name="webtests.TC02_HomePage">
        <test-method is-config="true" signature="browserSetup(java.lang.String)[pri:0, instance:webtests.TC02_HomePage@5bf0d49]" started-at="2021-06-22T22:21:19 AEST" name="browserSetup" finished-at="2021-06-22T22:21:29 AEST" duration-ms="10628" status="PASS">
          <params>
            <param index="0">
              <value>
                <![CDATA[Firefox]]>
              </value>
            </param>
          </params>
          <reporter-output>
          </reporter-output>
        </test-method> <!-- browserSetup -->
        <test-method signature="verifyHomePageHeader()[pri:1, instance:webtests.TC02_HomePage@5bf0d49]" started-at="2021-06-22T22:21:29 AEST" name="verifyHomePageHeader" finished-at="2021-06-22T22:22:31 AEST" duration-ms="61344" status="PASS">
          <reporter-output>
          </reporter-output>
        </test-method> <!-- verifyHomePageHeader -->
        <test-method signature="verifyAllBattleFieldsPresent()[pri:2, instance:webtests.TC02_HomePage@5bf0d49]" started-at="2021-06-22T22:22:39 AEST" name="verifyAllBattleFieldsPresent" finished-at="2021-06-22T22:23:39 AEST" duration-ms="60091" status="PASS">
          <reporter-output>
          </reporter-output>
        </test-method> <!-- verifyAllBattleFieldsPresent -->
        <test-method signature="verifyBattleFieldTakeTheBusCanBeAccessed()[pri:4, instance:webtests.TC02_HomePage@5bf0d49]" started-at="2021-06-22T22:23:39 AEST" name="verifyBattleFieldTakeTheBusCanBeAccessed" finished-at="2021-06-22T22:24:39 AEST" duration-ms="60049" status="PASS">
          <reporter-output>
          </reporter-output>
        </test-method> <!-- verifyBattleFieldTakeTheBusCanBeAccessed -->
        <test-method signature="verifyBattleFieldGoToPublicPlaceCanBeAccessed()[pri:5, instance:webtests.TC02_HomePage@5bf0d49]" started-at="2021-06-22T22:24:39 AEST" name="verifyBattleFieldGoToPublicPlaceCanBeAccessed" finished-at="2021-06-22T22:25:40 AEST" duration-ms="60074" status="PASS">
          <reporter-output>
          </reporter-output>
        </test-method> <!-- verifyBattleFieldGoToPublicPlaceCanBeAccessed -->
        <test-method signature="verifyBattleFieldGoToOfficeCanBeAccessed()[pri:6, instance:webtests.TC02_HomePage@5bf0d49]" started-at="2021-06-22T22:25:56 AEST" name="verifyBattleFieldGoToOfficeCanBeAccessed" finished-at="2021-06-22T22:26:56 AEST" duration-ms="60045" status="PASS">
          <reporter-output>
          </reporter-output>
        </test-method> <!-- verifyBattleFieldGoToOfficeCanBeAccessed -->
      </class> <!-- webtests.TC02_HomePage -->
    </test> <!-- WebFirefoxTest -->
    <test started-at="2021-06-22T22:21:18 AEST" name="WebChromeTest" finished-at="2021-06-22T22:27:56 AEST" duration-ms="397328">
      <class name="webtests.TC01_WelcomePage">
        <test-method is-config="true" signature="browserSetup(java.lang.String)[pri:0, instance:webtests.TC01_WelcomePage@3c19aaa5]" started-at="2021-06-22T22:22:31 AEST" name="browserSetup" finished-at="2021-06-22T22:22:36 AEST" duration-ms="5582" status="PASS">
          <params>
            <param index="0">
              <value>
                <![CDATA[Chrome]]>
              </value>
            </param>
          </params>
          <reporter-output>
          </reporter-output>
        </test-method> <!-- browserSetup -->
        <test-method signature="verifyWelcomePageTitle()[pri:1, instance:webtests.TC01_WelcomePage@3c19aaa5]" started-at="2021-06-22T22:22:36 AEST" name="verifyWelcomePageTitle" finished-at="2021-06-22T22:22:39 AEST" duration-ms="3053" status="PASS">
          <reporter-output>
          </reporter-output>
        </test-method> <!-- verifyWelcomePageTitle -->
        <test-method signature="verifyStartJourneyOfAHero()[pri:5, instance:webtests.TC01_WelcomePage@3c19aaa5]" started-at="2021-06-22T22:25:40 AEST" name="verifyStartJourneyOfAHero" finished-at="2021-06-22T22:26:55 AEST" duration-ms="75087" status="PASS">
          <reporter-output>
          </reporter-output>
        </test-method> <!-- verifyStartJourneyOfAHero -->
      </class> <!-- webtests.TC01_WelcomePage -->
      <class name="webtests.TC02_HomePage">
        <test-method is-config="true" signature="browserSetup(java.lang.String)[pri:0, instance:webtests.TC02_HomePage@799f10e1]" started-at="2021-06-22T22:21:19 AEST" name="browserSetup" finished-at="2021-06-22T22:21:26 AEST" duration-ms="7170" status="PASS">
          <params>
            <param index="0">
              <value>
                <![CDATA[Chrome]]>
              </value>
            </param>
          </params>
          <reporter-output>
          </reporter-output>
        </test-method> <!-- browserSetup -->
        <test-method signature="verifyHomePageHeader()[pri:1, instance:webtests.TC02_HomePage@799f10e1]" started-at="2021-06-22T22:21:26 AEST" name="verifyHomePageHeader" finished-at="2021-06-22T22:22:31 AEST" duration-ms="64987" status="PASS">
          <reporter-output>
          </reporter-output>
        </test-method> <!-- verifyHomePageHeader -->
        <test-method signature="verifyAllBattleFieldsPresent()[pri:2, instance:webtests.TC02_HomePage@799f10e1]" started-at="2021-06-22T22:22:39 AEST" name="verifyAllBattleFieldsPresent" finished-at="2021-06-22T22:23:39 AEST" duration-ms="60095" status="PASS">
          <reporter-output>
          </reporter-output>
        </test-method> <!-- verifyAllBattleFieldsPresent -->
        <test-method signature="verifyBattleFieldTakeTheBusCanBeAccessed()[pri:4, instance:webtests.TC02_HomePage@799f10e1]" started-at="2021-06-22T22:23:39 AEST" name="verifyBattleFieldTakeTheBusCanBeAccessed" finished-at="2021-06-22T22:24:39 AEST" duration-ms="60048" status="PASS">
          <reporter-output>
          </reporter-output>
        </test-method> <!-- verifyBattleFieldTakeTheBusCanBeAccessed -->
        <test-method signature="verifyBattleFieldGoToPublicPlaceCanBeAccessed()[pri:5, instance:webtests.TC02_HomePage@799f10e1]" started-at="2021-06-22T22:24:39 AEST" name="verifyBattleFieldGoToPublicPlaceCanBeAccessed" finished-at="2021-06-22T22:25:40 AEST" duration-ms="60519" status="PASS">
          <reporter-output>
          </reporter-output>
        </test-method> <!-- verifyBattleFieldGoToPublicPlaceCanBeAccessed -->
        <test-method signature="verifyBattleFieldGoToOfficeCanBeAccessed()[pri:6, instance:webtests.TC02_HomePage@799f10e1]" started-at="2021-06-22T22:26:55 AEST" name="verifyBattleFieldGoToOfficeCanBeAccessed" finished-at="2021-06-22T22:27:56 AEST" duration-ms="60500" status="PASS">
          <reporter-output>
          </reporter-output>
        </test-method> <!-- verifyBattleFieldGoToOfficeCanBeAccessed -->
      </class> <!-- webtests.TC02_HomePage -->
    </test> <!-- WebChromeTest -->
  </suite> <!-- Suite -->
</testng-results>
